This is pdfTeX, Version 3.1415926-2.4-1.40.13 (MiKTeX 2.9) (preloaded format=pdflatex 2013.10.29)  7 JUL 2014 00:34
entering extended mode
**tcc.tex
("C:\Users\Al Campelo\Documents\UnB\Monografia\latex\tcc.tex"
LaTeX2e <2011/06/27>
Babel <v3.8m> and hyphenation patterns for english, afrikaans, ancientgreek, ar
abic, armenian, assamese, basque, bengali, bokmal, bulgarian, catalan, coptic, 
croatian, czech, danish, dutch, esperanto, estonian, farsi, finnish, french, ga
lician, german, german-x-2012-05-30, greek, gujarati, hindi, hungarian, iceland
ic, indonesian, interlingua, irish, italian, kannada, kurmanji, latin, latvian,
 lithuanian, malayalam, marathi, mongolian, mongolianlmc, monogreek, ngerman, n
german-x-2012-05-30, nynorsk, oriya, panjabi, pinyin, polish, portuguese, roman
ian, russian, sanskrit, serbian, slovak, slovenian, spanish, swedish, swissgerm
an, tamil, telugu, turkish, turkmen, ukenglish, ukrainian, uppersorbian, usengl
ishmax, welsh, loaded.
("C:\Users\Al Campelo\Documents\UnB\Monografia\latex\fixos/pacotes.tex"
("C:\Program Files (x86)\MiKTeX 2.9\tex\latex\abntex2\abntex2.cls"
Document Class: abntex2 2013/09/01 v1.8 abnTeX2
("C:\Program Files (x86)\MiKTeX 2.9\tex\latex\base\ifthen.sty"
Package: ifthen 2001/05/26 v1.1c Standard LaTeX ifthen package (DPC)
)
("C:\Program Files (x86)\MiKTeX 2.9\tex\latex\memoir\memoir.cls"
Document Class: memoir 2013/05/30 v3.7b configurable book, report, article docu
ment class
\onelineskip=\skip41
\lxvchars=\skip42
\xlvchars=\skip43
\@memcnta=\count79
\c@@memmarkcntra=\count80
\l@nohyphenation=\language69
("C:\Program Files (x86)\MiKTeX 2.9\tex\generic\oberdiek\ifpdf.sty"
Package: ifpdf 2011/01/30 v2.3 Provides the ifpdf switch (HO)
Package ifpdf Info: pdfTeX in PDF mode is detected.
)
("C:\Program Files (x86)\MiKTeX 2.9\tex\latex\ifetex\ifetex.sty"
Package: ifetex 2011/12/15 v1.2 ifetex

("C:\Program Files (x86)\MiKTeX 2.9\tex\plain\ifetex\ifetex.tex"))
("C:\Program Files (x86)\MiKTeX 2.9\tex\generic\ifxetex\ifxetex.sty"
Package: ifxetex 2010/09/12 v0.6 Provides ifxetex conditional
)
("C:\Program Files (x86)\MiKTeX 2.9\tex\generic\oberdiek\ifluatex.sty"
Package: ifluatex 2010/03/01 v1.3 Provides the ifluatex switch (HO)
Package ifluatex Info: LuaTeX not detected.
)
\stockheight=\skip44
\stockwidth=\skip45
\trimtop=\skip46
\trimedge=\skip47

("C:\Program Files (x86)\MiKTeX 2.9\tex\latex\misc\etex.sty"
Package: etex 1998/03/26 v2.0 eTeX basic definition package (PEB)
\et@xins=\count81
)
("C:\Program Files (x86)\MiKTeX 2.9\tex\latex\memoir\mem12.clo"
File: mem12.clo 2010/10/19 v0.4b memoir class 12pt size option
)
\binding=\skip48
\spinemargin=\skip49
\foremargin=\skip50
\uppermargin=\skip51
\lowermargin=\skip52
\headdrop=\skip53
\normalrulethickness=\skip54
\mem@maxheadheight=\skip55
\mem@maxfootheight=\skip56
\headwidth=\skip57
\c@storedpagenumber=\count82
\memPD=\dimen102
\m@mabparskip=\skip58
\thanksmarkwidth=\skip59
\thanksmarksep=\skip60
\droptitle=\skip61
\c@book=\count83
\c@part=\count84
\c@chapter=\count85
\c@section=\count86
\c@subsection=\count87
\c@subsubsection=\count88
\c@paragraph=\count89
\c@subparagraph=\count90
\beforechapskip=\skip62
\midchapskip=\skip63
\afterchapskip=\skip64
\chapindent=\skip65
\bottomsectionskip=\skip66
\secindent=\skip67
\beforesecskip=\skip68
\aftersecskip=\skip69
\subsecindent=\skip70
\beforesubsecskip=\skip71
\aftersubsecskip=\skip72
\subsubsecindent=\skip73
\beforesubsubsecskip=\skip74
\aftersubsubsecskip=\skip75
\paraindent=\skip76
\beforeparaskip=\skip77
\afterparaskip=\skip78
\subparaindent=\skip79
\beforesubparaskip=\skip80
\aftersubparaskip=\skip81
\pfbreakskip=\skip82
\c@@ppsavesec=\count91
\c@@ppsaveapp=\count92
\ragrparindent=\dimen103
\everylistparindent=\dimen104
\parsepi=\skip83
\topsepi=\skip84
\itemsepi=\skip85
\parsepii=\skip86
\topsepii=\skip87
\topsepiii=\skip88
\itemsepii=\skip89
\itemsepiii=\skip90
\partopsepii=\skip91
\partopsepiii=\skip92
\m@msavetopsep=\skip93
\m@msavepartopsep=\skip94
\@enLab=\toks14
\abstitleskip=\skip95
\absleftindent=\skip96
\abs@leftindent=\dimen105
\absrightindent=\skip97
\absparindent=\skip98
\absparsep=\skip99
\c@vslineno=\count93
\c@poemline=\count94
\c@modulo@vs=\count95
\c@memfvsline=\count96
\vleftskip=\skip100
\vrightskip=\skip101
\stanzaskip=\skip102
\versewidth=\skip103
\vgap=\skip104
\vindent=\skip105
\vleftmargin=\dimen106
\c@verse=\count97
\c@chrsinstr=\count98
\beforepoemtitleskip=\skip106
\afterpoemtitleskip=\skip107
\c@poem=\count99
\beforePoemTitleskip=\skip108
\midPoemTitleskip=\skip109
\afterPoemTitleskip=\skip110
\col@sep=\dimen107
\extrarowheight=\dimen108
\NC@list=\toks15
\extratabsurround=\skip111
\backup@length=\skip112
\TX@col@width=\dimen109
\TX@old@table=\dimen110
\TX@old@col=\dimen111
\TX@target=\dimen112
\TX@delta=\dimen113
\TX@cols=\count100
\TX@ftn=\toks16
\heavyrulewidth=\dimen114
\lightrulewidth=\dimen115
\cmidrulewidth=\dimen116
\belowrulesep=\dimen117
\belowbottomsep=\dimen118
\aboverulesep=\dimen119
\abovetopsep=\dimen120
\cmidrulesep=\dimen121
\cmidrulekern=\dimen122
\defaultaddspace=\dimen123
\@cmidla=\count101
\@cmidlb=\count102
\@aboverulesep=\dimen124
\@belowrulesep=\dimen125
\@thisruleclass=\count103
\@lastruleclass=\count104
\@thisrulewidth=\dimen126
\ctableftskip=\skip113
\ctabrightskip=\skip114
\abovecolumnspenalty=\count105
\@linestogo=\count106
\@cellstogo=\count107
\@cellsincolumn=\count108
\crtok=\toks17
\@mincolumnwidth=\dimen127
\c@newflo@tctr=\count109
\mem@margin@floatbox=\box26
\@contcwidth=\skip115
\@contindw=\skip116
\abovecaptionskip=\skip117
\belowcaptionskip=\skip118
\subfloattopskip=\skip119
\subfloatcapskip=\skip120
\subfloatcaptopadj=\skip121
\subfloatbottomskip=\skip122
\subfloatlabelskip=\skip123
\subfloatcapmargin=\dimen128
\c@@contsubnum=\count110
\m@mscap@capbox=\box27
\m@mscap@fbox=\box28
\sidecapsep=\dimen129
\sidecapwidth=\dimen130
\m@m@tempdima=\dimen131
\m@mscapraise=\dimen132
\sidecapraise=\dimen133
\m@mscapmainwidth=\dimen134
\m@mscaplkern=\dimen135
\beforeepigraphskip=\skip124
\afterepigraphskip=\skip125
\epigraphwidth=\skip126
\epigraphrule=\skip127
LaTeX Info: Redefining \em on input line 7492.
LaTeX Info: Redefining \emph on input line 7500.
\tocentryskip=\skip128
\tocbaseline=\skip129
\cftparskip=\skip130
\cftbeforebookskip=\skip131
\cftbookindent=\dimen136
\cftbooknumwidth=\dimen137
\cftbeforepartskip=\skip132
\cftpartindent=\skip133
\cftpartnumwidth=\skip134
\cftbeforechapterskip=\skip135
\cftchapterindent=\skip136
\cftchapternumwidth=\skip137
\cftbeforesectionskip=\skip138
\cftsectionindent=\skip139
\cftsectionnumwidth=\skip140
\cftbeforesubsectionskip=\skip141
\cftsubsectionindent=\skip142
\cftsubsectionnumwidth=\skip143
\cftbeforesubsubsectionskip=\skip144
\cftsubsubsectionindent=\skip145
\cftsubsubsectionnumwidth=\skip146
\cftbeforeparagraphskip=\skip147
\cftparagraphindent=\skip148
\cftparagraphnumwidth=\skip149
\cftbeforesubparagraphskip=\skip150
\cftsubparagraphindent=\skip151
\cftsubparagraphnumwidth=\skip152
\prechapterprecisshift=\dimen138
\c@maxsecnumdepth=\count111
\bibindent=\dimen139
\bibitemsep=\skip153
\indexcolsep=\skip154
\indexrule=\skip155
\indexmarkstyle=\toks18
\@indexbox=\insert233
\glossarycolsep=\dimen140
\glossaryrule=\dimen141
\sideparvshift=\skip156
\sideins=\insert232
\sidebartopsep=\skip157
\sidebarhsep=\skip158
\sidebarvsep=\skip159
\sidebarwidth=\skip160
\footmarkwidth=\skip161
\footmarksep=\skip162
\footparindent=\skip163
\footinsdim=\skip164
\footinsv@r=\insert231
\@mpfootinsv@r=\insert230
\m@m@k=\count112
\m@m@h=\dimen142
\m@mipn@skip=\skip165
\sidefootins=\insert229
\sidefootadjust=\skip166
\sidefootheight=\skip167
\sidefoothsep=\skip168
\sidefootvsep=\skip169
\sidefootwidth=\skip170
\m@mdownsf=\skip171
\c@sidefootnote=\count113
\sidefootmarkwidth=\skip172
\sidefootmarksep=\skip173
\sidefootparindent=\skip174
\c@pagenote=\count114
\c@pagenoteshadow=\count115
\mem@pn@lastkern=\skip175
\every@verbatim=\toks19
\afterevery@verbatim=\toks20
\verbatim@line=\toks21
\tab@position=\count116
\verbatim@in@stream=\read1
\verbatimindent=\skip176
\verbatim@out=\write3
\bvboxsep=\skip177
\c@memfbvline=\count117
\c@bvlinectr=\count118
\bvnumlength=\skip178
\fb@frw=\dimen143
\fb@frh=\dimen144
\FrameRule=\dimen145
\FrameSep=\dimen146
\c@cp@cntr=\count119
LaTeX Info: Redefining \: on input line 11958.
LaTeX Info: Redefining \! on input line 11960.
\c@ism@mctr=\count120
\c@xsm@mctr=\count121
\c@csm@mctr=\count122
\c@ksm@mctr=\count123
\c@xksm@mctr=\count124
\c@cksm@mctr=\count125
\c@msm@mctr=\count126
\c@xmsm@mctr=\count127
\c@cmsm@mctr=\count128
\c@bsm@mctr=\count129
\c@workm@mctr=\count130
\c@sheetsequence=\count131
\c@lastsheet=\count132
\c@lastpage=\count133
\c@figure=\count134
\c@lofdepth=\count135
\cftbeforefigureskip=\skip179
\cftfigureindent=\skip180
\cftfigurenumwidth=\skip181
\c@table=\count136
\c@lotdepth=\count137
\cftbeforetableskip=\skip182
\cfttableindent=\skip183
\cfttablenumwidth=\skip184
Package abstract [2008/07/23] emulated by memoir.
Package appendix [2008/07/23] emulated by memoir.
Package array [2008/09/09] emulated by memoir.
Package booktabs [2008/07/23] emulated by memoir.
Package ccaption [2008/07/23] emulated by memoir.
Package changepage [2008/07/23] emulated by memoir.
Package chngcntr [2008/07/23] emulated by memoir.
Package chngpage [2008/07/23] emulated by memoir.
Package crop emulated by memoir.
Package dcolumn [2008/07/23] emulated by memoir.
Package delarray [2008/07/23] emulated by memoir.
Package enumerate [2008/07/23] emulated by memoir.
Package epigraph [2008/07/23] emulated by memoir.
Package ifmtarg [2008/07/23] emulated by memoir.
Package index [2008/07/23] emulated by memoir.
Package makeidx [2008/07/23] emulated by memoir.
Package moreverb [2008/07/23] emulated by memoir.
Package mparhack [2008/07/23] emulated by memoir.
Package needspace [2008/07/23] emulated by memoir.
Package newfile [2008/07/23] emulated by memoir.
Package nextpage [2008/07/23] emulated by memoir.
Package pagenote [2008/07/23] emulated by memoir.
Package parskip [2008/07/23] emulated by memoir.
Package patchcmd [2008/07/23] emulated by memoir.
Package setspace [2008/07/23] emulated by memoir.
Package shortvrb [2008/07/23] emulated by memoir.
Package showidx [2008/07/23] emulated by memoir.
Package tabularx [2008/07/23] emulated by memoir.
Package titleref [2008/07/23] emulated by memoir.
Package titling [2008/07/23] emulated by memoir.
Package tocbibind [2008/07/23] emulated by memoir.
Package tocloft [2008/07/23] emulated by memoir.
Package tocvsec2 [2008/07/23] emulated by memoir.
Package verbatim [2008/07/23] emulated by memoir.
Package verse [2008/07/23] emulated by memoir.

("C:\Program Files (x86)\MiKTeX 2.9\tex\latex\memoir\mempatch.sty"
Package: mempatch 2009/07/24 v6.0f Patches for memoir class v1.6180339
))
("C:\Program Files (x86)\MiKTeX 2.9\tex\latex\textcase\textcase.sty"
Package: textcase 2004/10/07 v0.07 Text only upper/lower case changing (DPC)
LaTeX Info: Redefining \MakeTextUppercase on input line 47.
LaTeX Info: Redefining \MakeTextLowercase on input line 50.
)
("C:\Program Files (x86)\MiKTeX 2.9\tex\latex\hyperref\hyperref.sty"
Package: hyperref 2012/11/06 v6.83m Hypertext links for LaTeX

("C:\Program Files (x86)\MiKTeX 2.9\tex\generic\oberdiek\hobsub-hyperref.sty"
Package: hobsub-hyperref 2012/04/25 v1.12 Bundle oberdiek, subset hyperref (HO)


("C:\Program Files (x86)\MiKTeX 2.9\tex\generic\oberdiek\hobsub-generic.sty"
Package: hobsub-generic 2012/04/25 v1.12 Bundle oberdiek, subset generic (HO)
Package: hobsub 2012/04/25 v1.12 Construct package bundles (HO)
Package: infwarerr 2010/04/08 v1.3 Providing info/warning/error messages (HO)
Package: ltxcmds 2011/11/09 v1.22 LaTeX kernel commands for general use (HO)
Package hobsub Info: Skipping package `ifluatex' (already loaded).
Package: ifvtex 2010/03/01 v1.5 Detect VTeX and its facilities (HO)
Package ifvtex Info: VTeX not detected.
Package: intcalc 2007/09/27 v1.1 Expandable calculations with integers (HO)
Package hobsub Info: Skipping package `ifpdf' (already loaded).
Package: etexcmds 2011/02/16 v1.5 Avoid name clashes with e-TeX commands (HO)
Package etexcmds Info: Could not find \expanded.
(etexcmds)             That can mean that you are not using pdfTeX 1.50 or
(etexcmds)             that some package has redefined \expanded.
(etexcmds)             In the latter case, load this package earlier.
Package: kvsetkeys 2012/04/25 v1.16 Key value parser (HO)
Package: kvdefinekeys 2011/04/07 v1.3 Define keys (HO)
Package: pdftexcmds 2011/11/29 v0.20 Utility functions of pdfTeX for LuaTeX (HO
)
Package pdftexcmds Info: LuaTeX not detected.
Package pdftexcmds Info: \pdf@primitive is available.
Package pdftexcmds Info: \pdf@ifprimitive is available.
Package pdftexcmds Info: \pdfdraftmode found.
Package: pdfescape 2011/11/25 v1.13 Implements pdfTeX's escape features (HO)
Package: bigintcalc 2012/04/08 v1.3 Expandable calculations on big integers (HO
)
Package: bitset 2011/01/30 v1.1 Handle bit-vector datatype (HO)
Package: uniquecounter 2011/01/30 v1.2 Provide unlimited unique counter (HO)
)
Package hobsub Info: Skipping package `hobsub' (already loaded).
Package: letltxmacro 2010/09/02 v1.4 Let assignment for LaTeX macros (HO)
Package: hopatch 2011/06/24 v1.1 Wrapper for package hooks (HO)
Package: xcolor-patch 2011/01/30 xcolor patch
Package: atveryend 2011/06/30 v1.8 Hooks at the very end of document (HO)
Package atveryend Info: \enddocument detected (standard20110627).
Package: atbegshi 2011/10/05 v1.16 At begin shipout hook (HO)
Package: refcount 2011/10/16 v3.4 Data extraction from label references (HO)
Package: hycolor 2011/01/30 v1.7 Color options for hyperref/bookmark (HO)
)
("C:\Program Files (x86)\MiKTeX 2.9\tex\latex\graphics\keyval.sty"
Package: keyval 1999/03/16 v1.13 key=value parser (DPC)
\KV@toks@=\toks22
)
("C:\Program Files (x86)\MiKTeX 2.9\tex\latex\oberdiek\auxhook.sty"
Package: auxhook 2011/03/04 v1.3 Hooks for auxiliary files (HO)
)
("C:\Program Files (x86)\MiKTeX 2.9\tex\latex\oberdiek\kvoptions.sty"
Package: kvoptions 2011/06/30 v3.11 Key value format for package options (HO)
)
\@linkdim=\dimen147
\Hy@linkcounter=\count138
\Hy@pagecounter=\count139

("C:\Program Files (x86)\MiKTeX 2.9\tex\latex\hyperref\pd1enc.def"
File: pd1enc.def 2012/11/06 v6.83m Hyperref: PDFDocEncoding definition (HO)
)
\Hy@SavedSpaceFactor=\count140

("C:\Program Files (x86)\MiKTeX 2.9\tex\latex\00miktex\hyperref.cfg"
File: hyperref.cfg 2002/06/06 v1.2 hyperref configuration of TeXLive
)
Package hyperref Info: Hyper figures OFF on input line 4443.
Package hyperref Info: Link nesting OFF on input line 4448.
Package hyperref Info: Hyper index ON on input line 4451.
Package hyperref Info: Plain pages OFF on input line 4458.
Package hyperref Info: Backreferencing OFF on input line 4463.
Package hyperref Info: Implicit mode ON; LaTeX internals redefined.
Package hyperref Info: Bookmarks ON on input line 4688.
\c@Hy@tempcnt=\count141

("C:\Program Files (x86)\MiKTeX 2.9\tex\latex\ltxmisc\url.sty"
\Urlmuskip=\muskip10
Package: url 2006/04/12  ver 3.3  Verb mode for urls, etc.
)
LaTeX Info: Redefining \url on input line 5041.
\XeTeXLinkMargin=\dimen148
\Fld@menulength=\count142
\Field@Width=\dimen149
\Fld@charsize=\dimen150
Package hyperref Info: Hyper figures OFF on input line 6295.
Package hyperref Info: Link nesting OFF on input line 6300.
Package hyperref Info: Hyper index ON on input line 6303.
Package hyperref Info: backreferencing OFF on input line 6310.
Package hyperref Info: Link coloring OFF on input line 6315.
Package hyperref Info: Link coloring with OCG OFF on input line 6320.
Package hyperref Info: PDF/A mode OFF on input line 6325.
LaTeX Info: Redefining \ref on input line 6365.
LaTeX Info: Redefining \pageref on input line 6369.
\Hy@abspage=\count143
\c@Item=\count144
\c@Hfootnote=\count145
)
("C:\Program Files (x86)\MiKTeX 2.9\tex\latex\memoir\memhfixc.sty"
Package: memhfixc 2013/05/30 v1.17 nameref/hyperref package fixes for memoir cl
ass
\c@memhycontfloat=\count146
\c@Hpagenote=\count147
)

Package hyperref Message: Driver (autodetected): hpdftex.

("C:\Program Files (x86)\MiKTeX 2.9\tex\latex\hyperref\hpdftex.def"
File: hpdftex.def 2012/11/06 v6.83m Hyperref driver for pdfTeX
\Fld@listcount=\count148
\c@bookmark@seq@number=\count149

("C:\Program Files (x86)\MiKTeX 2.9\tex\latex\oberdiek\rerunfilecheck.sty"
Package: rerunfilecheck 2011/04/15 v1.7 Rerun checks for auxiliary files (HO)
Package uniquecounter Info: New unique counter `rerunfilecheck' on input line 2
82.
)
\Hy@SectionHShift=\skip185
)
("C:\Program Files (x86)\MiKTeX 2.9\tex\latex\oberdiek\bookmark.sty"
Package: bookmark 2011/12/02 v1.24 PDF bookmarks (HO)

("C:\Program Files (x86)\MiKTeX 2.9\tex\latex\oberdiek\bkm-pdftex.def"
File: bkm-pdftex.def 2011/12/02 v1.24 bookmark driver for pdfTeX (HO)
\BKM@id=\count150
))
("C:\Program Files (x86)\MiKTeX 2.9\tex\generic\babel\babel.sty"
Package: babel 2008/07/08 v3.8m The Babel package

*************************************
* Local config file bblopts.cfg used
*
("C:\Program Files (x86)\MiKTeX 2.9\tex\latex\00miktex\bblopts.cfg"
File: bblopts.cfg 2006/07/31 v1.0 MiKTeX 'babel' configuration
)
("C:\Program Files (x86)\MiKTeX 2.9\tex\generic\babel\english.ldf"
Language: english 2005/03/30 v3.3o English support from the babel system

("C:\Program Files (x86)\MiKTeX 2.9\tex\generic\babel\babel.def"
File: babel.def 2008/07/08 v3.8m Babel common definitions
\babel@savecnt=\count151
\U@D=\dimen151
)
\l@canadian = a dialect from \language\l@american 
\l@australian = a dialect from \language\l@british 
\l@newzealand = a dialect from \language\l@british 
)
("C:\Program Files (x86)\MiKTeX 2.9\tex\generic\babel\frenchb.ldf"
Language: frenchb 2009/03/16 v2.3d French support from the babel system
Package babel Info: Making : an active character on input line 120.
Package babel Info: Making ; an active character on input line 121.
Package babel Info: Making ! an active character on input line 122.
Package babel Info: Making ? an active character on input line 123.
\FB@Mht=\dimen152
\std@mcc=\count152
\dec@mcc=\count153
\parindentFFN=\dimen153

*************************************
* Local config file frenchb.cfg used
*
("C:\Program Files (x86)\MiKTeX 2.9\tex\generic\babel\frenchb.cfg"))
("C:\Program Files (x86)\MiKTeX 2.9\tex\generic\babel\spanish.ldf"
Language: spanish.ldf 2009/01/02 v5.0h Spanish support from the babel system
\es@datefmt=\count154
\es@quottoks=\toks23
\es@quotdepth=\count155
Package babel Info: Making " an active character on input line 492.
Package babel Info: Making . an active character on input line 585.
Package babel Info: Making < an active character on input line 630.
Package babel Info: Making > an active character on input line 630.
)
("C:\Program Files (x86)\MiKTeX 2.9\tex\generic\babel\portuges.ldf"
Language: portuges 2008/03/18 v1.2q Portuguese support from the babel system
\l@brazil = a dialect from \language\l@portuges 
Package babel Info: Making " an active character on input line 145.
))
("C:\Program Files (x86)\MiKTeX 2.9\tex\latex\carlisle\scalefnt.sty")
("C:\Program Files (x86)\MiKTeX 2.9\tex\latex\enumitem\enumitem.sty"
Package: enumitem 2011/09/28 v3.5.2 Customized lists
\labelindent=\skip186
\enit@outerparindent=\dimen154
\enit@toks=\toks24
\enit@inbox=\box29
\enitdp@description=\count156
)
("C:\Program Files (x86)\MiKTeX 2.9\tex\latex\tools\calc.sty"
Package: calc 2007/08/22 v4.3 Infix arithmetic (KKT,FJ)
\calc@Acount=\count157
\calc@Bcount=\count158
\calc@Adimen=\dimen155
\calc@Bdimen=\dimen156
\calc@Askip=\skip187
\calc@Bskip=\skip188
LaTeX Info: Redefining \setlength on input line 76.
LaTeX Info: Redefining \addtolength on input line 77.
\calc@Ccount=\count159
\calc@Cskip=\skip189
)

******************************************************
Stock height and width: 845.04684pt by 597.50787pt
Top and edge trims: 0pt and 0pt
Page height and width: 845.04684pt by 597.50787pt
Text height and width: 708pt by 455pt
Spine and edge margins: 85.35826pt and 56.9055pt
Upper and lower margins: 85.35826pt and 51.68858pt
Headheight and headsep: 14.5pt and 19.8738pt
Footskip: 30pt
Columnsep and columnseprule: 10pt and 0pt
Marginparsep and marginparwidth: 7pt and 42.9055pt
Sidecapsep and sidecapwidth: 7pt and 92pt
Sidebarhsep and sidebarwidth: 7pt and 92pt
Sidebarvsep and sidebartopsep: 14.5pt and 0pt
Sidebarheight: 590.14995pt
Sidefoothsep and sidefootwidth: 7pt and 92pt
Sidefootvsep and sidefootheight: 14.5pt and 590.14995pt
******************************************************

\c@abntex@bookmarkcounter=\count160
\chapternamenumlength=\skip190
\ABNTEXcitacaorecuo=\skip191
\c@alineasi=\count161
\c@alineasii=\count162
\enitdp@alineas=\count163
\c@subalineasi=\count164
\enitdp@subalineas=\count165
\c@incisosi=\count166
\enitdp@incisos=\count167
\ABNTEXsignwidth=\skip192
\ABNTEXsignthickness=\skip193
\ABNTEXsignskip=\skip194
) ("C:\Program Files (x86)\MiKTeX 2.9\tex\latex\cmap\cmap.sty"
Package: cmap 2008/03/06 v1.0h CMap support: searchable PDF
)
("C:\Program Files (x86)\MiKTeX 2.9\tex\latex\lm\lmodern.sty"
Package: lmodern 2009/10/30 v1.6 Latin Modern Fonts
LaTeX Font Info:    Overwriting symbol font `operators' in version `normal'
(Font)                  OT1/cmr/m/n --> OT1/lmr/m/n on input line 22.
LaTeX Font Info:    Overwriting symbol font `letters' in version `normal'
(Font)                  OML/cmm/m/it --> OML/lmm/m/it on input line 23.
LaTeX Font Info:    Overwriting symbol font `symbols' in version `normal'
(Font)                  OMS/cmsy/m/n --> OMS/lmsy/m/n on input line 24.
LaTeX Font Info:    Overwriting symbol font `largesymbols' in version `normal'
(Font)                  OMX/cmex/m/n --> OMX/lmex/m/n on input line 25.
LaTeX Font Info:    Overwriting symbol font `operators' in version `bold'
(Font)                  OT1/cmr/bx/n --> OT1/lmr/bx/n on input line 26.
LaTeX Font Info:    Overwriting symbol font `letters' in version `bold'
(Font)                  OML/cmm/b/it --> OML/lmm/b/it on input line 27.
LaTeX Font Info:    Overwriting symbol font `symbols' in version `bold'
(Font)                  OMS/cmsy/b/n --> OMS/lmsy/b/n on input line 28.
LaTeX Font Info:    Overwriting symbol font `largesymbols' in version `bold'
(Font)                  OMX/cmex/m/n --> OMX/lmex/m/n on input line 29.
LaTeX Font Info:    Overwriting math alphabet `\mathbf' in version `normal'
(Font)                  OT1/cmr/bx/n --> OT1/lmr/bx/n on input line 31.
LaTeX Font Info:    Overwriting math alphabet `\mathsf' in version `normal'
(Font)                  OT1/cmss/m/n --> OT1/lmss/m/n on input line 32.
LaTeX Font Info:    Overwriting math alphabet `\mathit' in version `normal'
(Font)                  OT1/cmr/m/it --> OT1/lmr/m/it on input line 33.
LaTeX Font Info:    Overwriting math alphabet `\mathtt' in version `normal'
(Font)                  OT1/cmtt/m/n --> OT1/lmtt/m/n on input line 34.
LaTeX Font Info:    Overwriting math alphabet `\mathbf' in version `bold'
(Font)                  OT1/cmr/bx/n --> OT1/lmr/bx/n on input line 35.
LaTeX Font Info:    Overwriting math alphabet `\mathsf' in version `bold'
(Font)                  OT1/cmss/bx/n --> OT1/lmss/bx/n on input line 36.
LaTeX Font Info:    Overwriting math alphabet `\mathit' in version `bold'
(Font)                  OT1/cmr/bx/it --> OT1/lmr/bx/it on input line 37.
LaTeX Font Info:    Overwriting math alphabet `\mathtt' in version `bold'
(Font)                  OT1/cmtt/m/n --> OT1/lmtt/m/n on input line 38.
)
("C:\Program Files (x86)\MiKTeX 2.9\tex\latex\base\fontenc.sty"
Package: fontenc 2005/09/27 v1.99g Standard LaTeX package

("C:\Program Files (x86)\MiKTeX 2.9\tex\latex\base\t1enc.def"
File: t1enc.def 2005/09/27 v1.99g Standard LaTeX file
LaTeX Font Info:    Redeclaring font encoding T1 on input line 43.
)<<t1.cmap>>)
("C:\Program Files (x86)\MiKTeX 2.9\tex\latex\base\inputenc.sty"
Package: inputenc 2008/03/30 v1.1d Input encoding file
\inpenc@prehook=\toks25
\inpenc@posthook=\toks26

("C:\Program Files (x86)\MiKTeX 2.9\tex\latex\base\utf8.def"
File: utf8.def 2008/04/05 v1.1m UTF-8 support for inputenc
Now handling font encoding OML ...
... no UTF-8 mapping file for font encoding OML
Now handling font encoding T1 ...
... processing UTF-8 mapping file for font encoding T1

("C:\Program Files (x86)\MiKTeX 2.9\tex\latex\base\t1enc.dfu"
File: t1enc.dfu 2008/04/05 v1.1m UTF-8 support for inputenc
   defining Unicode char U+00A1 (decimal 161)
   defining Unicode char U+00A3 (decimal 163)
   defining Unicode char U+00AB (decimal 171)
   defining Unicode char U+00BB (decimal 187)
   defining Unicode char U+00BF (decimal 191)
   defining Unicode char U+00C0 (decimal 192)
   defining Unicode char U+00C1 (decimal 193)
   defining Unicode char U+00C2 (decimal 194)
   defining Unicode char U+00C3 (decimal 195)
   defining Unicode char U+00C4 (decimal 196)
   defining Unicode char U+00C5 (decimal 197)
   defining Unicode char U+00C6 (decimal 198)
   defining Unicode char U+00C7 (decimal 199)
   defining Unicode char U+00C8 (decimal 200)
   defining Unicode char U+00C9 (decimal 201)
   defining Unicode char U+00CA (decimal 202)
   defining Unicode char U+00CB (decimal 203)
   defining Unicode char U+00CC (decimal 204)
   defining Unicode char U+00CD (decimal 205)
   defining Unicode char U+00CE (decimal 206)
   defining Unicode char U+00CF (decimal 207)
   defining Unicode char U+00D0 (decimal 208)
   defining Unicode char U+00D1 (decimal 209)
   defining Unicode char U+00D2 (decimal 210)
   defining Unicode char U+00D3 (decimal 211)
   defining Unicode char U+00D4 (decimal 212)
   defining Unicode char U+00D5 (decimal 213)
   defining Unicode char U+00D6 (decimal 214)
   defining Unicode char U+00D8 (decimal 216)
   defining Unicode char U+00D9 (decimal 217)
   defining Unicode char U+00DA (decimal 218)
   defining Unicode char U+00DB (decimal 219)
   defining Unicode char U+00DC (decimal 220)
   defining Unicode char U+00DD (decimal 221)
   defining Unicode char U+00DE (decimal 222)
   defining Unicode char U+00DF (decimal 223)
   defining Unicode char U+00E0 (decimal 224)
   defining Unicode char U+00E1 (decimal 225)
   defining Unicode char U+00E2 (decimal 226)
   defining Unicode char U+00E3 (decimal 227)
   defining Unicode char U+00E4 (decimal 228)
   defining Unicode char U+00E5 (decimal 229)
   defining Unicode char U+00E6 (decimal 230)
   defining Unicode char U+00E7 (decimal 231)
   defining Unicode char U+00E8 (decimal 232)
   defining Unicode char U+00E9 (decimal 233)
   defining Unicode char U+00EA (decimal 234)
   defining Unicode char U+00EB (decimal 235)
   defining Unicode char U+00EC (decimal 236)
   defining Unicode char U+00ED (decimal 237)
   defining Unicode char U+00EE (decimal 238)
   defining Unicode char U+00EF (decimal 239)
   defining Unicode char U+00F0 (decimal 240)
   defining Unicode char U+00F1 (decimal 241)
   defining Unicode char U+00F2 (decimal 242)
   defining Unicode char U+00F3 (decimal 243)
   defining Unicode char U+00F4 (decimal 244)
   defining Unicode char U+00F5 (decimal 245)
   defining Unicode char U+00F6 (decimal 246)
   defining Unicode char U+00F8 (decimal 248)
   defining Unicode char U+00F9 (decimal 249)
   defining Unicode char U+00FA (decimal 250)
   defining Unicode char U+00FB (decimal 251)
   defining Unicode char U+00FC (decimal 252)
   defining Unicode char U+00FD (decimal 253)
   defining Unicode char U+00FE (decimal 254)
   defining Unicode char U+00FF (decimal 255)
   defining Unicode char U+0102 (decimal 258)
   defining Unicode char U+0103 (decimal 259)
   defining Unicode char U+0104 (decimal 260)
   defining Unicode char U+0105 (decimal 261)
   defining Unicode char U+0106 (decimal 262)
   defining Unicode char U+0107 (decimal 263)
   defining Unicode char U+010C (decimal 268)
   defining Unicode char U+010D (decimal 269)
   defining Unicode char U+010E (decimal 270)
   defining Unicode char U+010F (decimal 271)
   defining Unicode char U+0110 (decimal 272)
   defining Unicode char U+0111 (decimal 273)
   defining Unicode char U+0118 (decimal 280)
   defining Unicode char U+0119 (decimal 281)
   defining Unicode char U+011A (decimal 282)
   defining Unicode char U+011B (decimal 283)
   defining Unicode char U+011E (decimal 286)
   defining Unicode char U+011F (decimal 287)
   defining Unicode char U+0130 (decimal 304)
   defining Unicode char U+0131 (decimal 305)
   defining Unicode char U+0132 (decimal 306)
   defining Unicode char U+0133 (decimal 307)
   defining Unicode char U+0139 (decimal 313)
   defining Unicode char U+013A (decimal 314)
   defining Unicode char U+013D (decimal 317)
   defining Unicode char U+013E (decimal 318)
   defining Unicode char U+0141 (decimal 321)
   defining Unicode char U+0142 (decimal 322)
   defining Unicode char U+0143 (decimal 323)
   defining Unicode char U+0144 (decimal 324)
   defining Unicode char U+0147 (decimal 327)
   defining Unicode char U+0148 (decimal 328)
   defining Unicode char U+014A (decimal 330)
   defining Unicode char U+014B (decimal 331)
   defining Unicode char U+0150 (decimal 336)
   defining Unicode char U+0151 (decimal 337)
   defining Unicode char U+0152 (decimal 338)
   defining Unicode char U+0153 (decimal 339)
   defining Unicode char U+0154 (decimal 340)
   defining Unicode char U+0155 (decimal 341)
   defining Unicode char U+0158 (decimal 344)
   defining Unicode char U+0159 (decimal 345)
   defining Unicode char U+015A (decimal 346)
   defining Unicode char U+015B (decimal 347)
   defining Unicode char U+015E (decimal 350)
   defining Unicode char U+015F (decimal 351)
   defining Unicode char U+0160 (decimal 352)
   defining Unicode char U+0161 (decimal 353)
   defining Unicode char U+0162 (decimal 354)
   defining Unicode char U+0163 (decimal 355)
   defining Unicode char U+0164 (decimal 356)
   defining Unicode char U+0165 (decimal 357)
   defining Unicode char U+016E (decimal 366)
   defining Unicode char U+016F (decimal 367)
   defining Unicode char U+0170 (decimal 368)
   defining Unicode char U+0171 (decimal 369)
   defining Unicode char U+0178 (decimal 376)
   defining Unicode char U+0179 (decimal 377)
   defining Unicode char U+017A (decimal 378)
   defining Unicode char U+017B (decimal 379)
   defining Unicode char U+017C (decimal 380)
   defining Unicode char U+017D (decimal 381)
   defining Unicode char U+017E (decimal 382)
   defining Unicode char U+200C (decimal 8204)
   defining Unicode char U+2013 (decimal 8211)
   defining Unicode char U+2014 (decimal 8212)
   defining Unicode char U+2018 (decimal 8216)
   defining Unicode char U+2019 (decimal 8217)
   defining Unicode char U+201A (decimal 8218)
   defining Unicode char U+201C (decimal 8220)
   defining Unicode char U+201D (decimal 8221)
   defining Unicode char U+201E (decimal 8222)
   defining Unicode char U+2030 (decimal 8240)
   defining Unicode char U+2031 (decimal 8241)
   defining Unicode char U+2039 (decimal 8249)
   defining Unicode char U+203A (decimal 8250)
   defining Unicode char U+2423 (decimal 9251)
)
Now handling font encoding OT1 ...
... processing UTF-8 mapping file for font encoding OT1

("C:\Program Files (x86)\MiKTeX 2.9\tex\latex\base\ot1enc.dfu"
File: ot1enc.dfu 2008/04/05 v1.1m UTF-8 support for inputenc
   defining Unicode char U+00A1 (decimal 161)
   defining Unicode char U+00A3 (decimal 163)
   defining Unicode char U+00B8 (decimal 184)
   defining Unicode char U+00BF (decimal 191)
   defining Unicode char U+00C5 (decimal 197)
   defining Unicode char U+00C6 (decimal 198)
   defining Unicode char U+00D8 (decimal 216)
   defining Unicode char U+00DF (decimal 223)
   defining Unicode char U+00E6 (decimal 230)
   defining Unicode char U+00EC (decimal 236)
   defining Unicode char U+00ED (decimal 237)
   defining Unicode char U+00EE (decimal 238)
   defining Unicode char U+00EF (decimal 239)
   defining Unicode char U+00F8 (decimal 248)
   defining Unicode char U+0131 (decimal 305)
   defining Unicode char U+0141 (decimal 321)
   defining Unicode char U+0142 (decimal 322)
   defining Unicode char U+0152 (decimal 338)
   defining Unicode char U+0153 (decimal 339)
   defining Unicode char U+2013 (decimal 8211)
   defining Unicode char U+2014 (decimal 8212)
   defining Unicode char U+2018 (decimal 8216)
   defining Unicode char U+2019 (decimal 8217)
   defining Unicode char U+201C (decimal 8220)
   defining Unicode char U+201D (decimal 8221)
)
Now handling font encoding OMS ...
... processing UTF-8 mapping file for font encoding OMS

("C:\Program Files (x86)\MiKTeX 2.9\tex\latex\base\omsenc.dfu"
File: omsenc.dfu 2008/04/05 v1.1m UTF-8 support for inputenc
   defining Unicode char U+00A7 (decimal 167)
   defining Unicode char U+00B6 (decimal 182)
   defining Unicode char U+00B7 (decimal 183)
   defining Unicode char U+2020 (decimal 8224)
   defining Unicode char U+2021 (decimal 8225)
   defining Unicode char U+2022 (decimal 8226)
)
Now handling font encoding OMX ...
... no UTF-8 mapping file for font encoding OMX
Now handling font encoding U ...
... no UTF-8 mapping file for font encoding U
Now handling font encoding PD1 ...
... no UTF-8 mapping file for font encoding PD1
   defining Unicode char U+00A9 (decimal 169)
   defining Unicode char U+00AA (decimal 170)
   defining Unicode char U+00AE (decimal 174)
   defining Unicode char U+00BA (decimal 186)
   defining Unicode char U+02C6 (decimal 710)
   defining Unicode char U+02DC (decimal 732)
   defining Unicode char U+200C (decimal 8204)
   defining Unicode char U+2026 (decimal 8230)
   defining Unicode char U+2122 (decimal 8482)
   defining Unicode char U+2423 (decimal 9251)
))
("C:\Program Files (x86)\MiKTeX 2.9\tex\latex\lastpage\lastpage.sty"
Package: lastpage 2013/01/28 v1.2l Refers to last page's name (HMM; JPG)
)
("C:\Program Files (x86)\MiKTeX 2.9\tex\latex\tools\indentfirst.sty"
Package: indentfirst 1995/11/23 v1.03 Indent first paragraph (DPC)
)
("C:\Program Files (x86)\MiKTeX 2.9\tex\latex\graphics\color.sty"
Package: color 2005/11/14 v1.0j Standard LaTeX Color (DPC)

("C:\Program Files (x86)\MiKTeX 2.9\tex\latex\00miktex\color.cfg"
File: color.cfg 2007/01/18 v1.5 color configuration of teTeX/TeXLive
)
Package color Info: Driver file: pdftex.def on input line 130.

("C:\Program Files (x86)\MiKTeX 2.9\tex\latex\pdftex-def\pdftex.def"
File: pdftex.def 2011/05/27 v0.06d Graphics/color for pdfTeX
\Gread@gobject=\count168
))
("C:\Program Files (x86)\MiKTeX 2.9\tex\latex\graphics\graphicx.sty"
Package: graphicx 1999/02/16 v1.0f Enhanced LaTeX Graphics (DPC,SPQR)

("C:\Program Files (x86)\MiKTeX 2.9\tex\latex\graphics\graphics.sty"
Package: graphics 2009/02/05 v1.0o Standard LaTeX Graphics (DPC,SPQR)

("C:\Program Files (x86)\MiKTeX 2.9\tex\latex\graphics\trig.sty"
Package: trig 1999/03/16 v1.09 sin cos tan (DPC)
)
("C:\Program Files (x86)\MiKTeX 2.9\tex\latex\00miktex\graphics.cfg"
File: graphics.cfg 2007/01/18 v1.5 graphics configuration of teTeX/TeXLive
)
Package graphics Info: Driver file: pdftex.def on input line 91.
)
\Gin@req@height=\dimen157
\Gin@req@width=\dimen158
)
("C:\Program Files (x86)\MiKTeX 2.9\tex\latex\units\units.sty"
Package: units 1998/08/04 v0.9b Typesetting units

("C:\Program Files (x86)\MiKTeX 2.9\tex\latex\units\nicefrac.sty"
Package: nicefrac 1998/08/04 v0.9b Nice fractions
\L@UnitsRaiseDisplaystyle=\skip195
\L@UnitsRaiseTextstyle=\skip196
\L@UnitsRaiseScriptstyle=\skip197
))
("C:\Program Files (x86)\MiKTeX 2.9\tex\latex\hyperref\backref.sty"
Package: backref 2012/07/25 v1.38 Bibliographical back referencing
)
("C:\Program Files (x86)\MiKTeX 2.9\tex\latex\abntex2\abntex2cite.sty"
("C:\Program Files (x86)\MiKTeX 2.9\tex\latex\abntex2\abntex2abrev.sty")
\minimumbiblabelwidth=\skip198
\ABCIauxlen=\skip199
\c@ABCIaux=\count169
\c@ABCImax=\count170

("C:\Program Files (x86)\MiKTeX 2.9\tex\latex\ltxmisc\relsize.sty"
Package: relsize 2003/07/04 ver 3.1
)
\biblabelsep=\skip200
LaTeX Info: Redefining \newblock on input line 646.
LaTeX Info: Redefining \cite on input line 673.
\ABCItoken=\toks27
)
("C:\Program Files (x86)\MiKTeX 2.9\tex\latex\bold-extra\bold-extra.sty"
Package: bold-extra 2001/11/13 v0.1 Use fonts from cm/mf-extra/bold
)
("C:\Program Files (x86)\MiKTeX 2.9\tex\latex\eso-pic\eso-pic.sty"
Package: eso-pic 2013/10/06 v2.0d eso-pic (RN)
)
("C:\Program Files (x86)\MiKTeX 2.9\tex\latex\listings\listings.sty"
\lst@mode=\count171
\lst@gtempboxa=\box30
\lst@token=\toks28
\lst@length=\count172
\lst@currlwidth=\dimen159
\lst@column=\count173
\lst@pos=\count174
\lst@lostspace=\dimen160
\lst@width=\dimen161
\lst@newlines=\count175
\lst@lineno=\count176
\lst@maxwidth=\dimen162

("C:\Program Files (x86)\MiKTeX 2.9\tex\latex\listings\lstmisc.sty"
File: lstmisc.sty 2013/08/26 1.5b (Carsten Heinz)
\c@lstnumber=\count177
\lst@skipnumbers=\count178
\lst@framebox=\box31
)
("C:\Program Files (x86)\MiKTeX 2.9\tex\latex\listings\listings.cfg"
File: listings.cfg 2013/08/26 1.5b listings configuration
))
Package: listings 2013/08/26 1.5b (Carsten Heinz)

("C:\Program Files (x86)\MiKTeX 2.9\tex\latex\placeins\placeins.sty"
Package: placeins 2005/04/18  v 2.2
))
("C:\Users\Al Campelo\Documents\UnB\Monografia\latex\fixos/comandos.tex")
("C:\Users\Al Campelo\Documents\UnB\Monografia\latex\fixos/novosComandos.tex")
("C:\Users\Al Campelo\Documents\UnB\Monografia\latex\editaveis/informacoes.tex"
) ("C:\Users\Al Campelo\Documents\UnB\Monografia\latex\fixos/informacoes.tex")
("C:\Users\Al Campelo\Documents\UnB\Monografia\latex\fixos/setup.tex"
Package color Info: Redefining color blue on input line 1.
Package hyperref Info: Option `colorlinks' set `true' on input line 16.
)
\tcc@idxfile=\write4

Writing index file tcc.idx 
("C:\Users\Al Campelo\Documents\UnB\Monografia\latex\tcc.aux")
LaTeX Font Info:    Checking defaults for OML/cmm/m/it on input line 9.
LaTeX Font Info:    ... okay on input line 9.
LaTeX Font Info:    Checking defaults for T1/cmr/m/n on input line 9.
LaTeX Font Info:    ... okay on input line 9.
LaTeX Font Info:    Checking defaults for OT1/cmr/m/n on input line 9.
LaTeX Font Info:    ... okay on input line 9.
LaTeX Font Info:    Checking defaults for OMS/cmsy/m/n on input line 9.
LaTeX Font Info:    ... okay on input line 9.
LaTeX Font Info:    Checking defaults for OMX/cmex/m/n on input line 9.
LaTeX Font Info:    ... okay on input line 9.
LaTeX Font Info:    Checking defaults for U/cmr/m/n on input line 9.
LaTeX Font Info:    ... okay on input line 9.
LaTeX Font Info:    Checking defaults for PD1/pdf/m/n on input line 9.
LaTeX Font Info:    ... okay on input line 9.
LaTeX Font Info:    Try loading font information for T1+lmr on input line 9.

("C:\Program Files (x86)\MiKTeX 2.9\tex\latex\lm\t1lmr.fd"
File: t1lmr.fd 2009/10/30 v1.6 Font defs for Latin Modern
)
\AtBeginShipoutBox=\box32
Package hyperref Info: Link coloring ON on input line 9.

("C:\Program Files (x86)\MiKTeX 2.9\tex\latex\hyperref\nameref.sty"
Package: nameref 2012/10/27 v2.43 Cross-referencing by name of section

("C:\Program Files (x86)\MiKTeX 2.9\tex\generic\oberdiek\gettitlestring.sty"
Package: gettitlestring 2010/12/03 v1.4 Cleanup title references (HO)
)
\c@section@level=\count179
)
Redoing nameref's sectioning
Redoing nameref's label
LaTeX Info: Redefining \nameref on input line 9.
LaTeX Info: Redefining \ref on input line 9.
LaTeX Info: Redefining \pageref on input line 9.
LaTeX Info: Redefining \nameref on input line 9.
LaTeX Info: Redefining \degres on input line 9.

Package frenchb.ldf Warning: The definition of \@makecaption has been changed,
(frenchb.ldf)                frenchb will NOT customise it;
(frenchb.ldf)                reported on input line 9.

LaTeX Info: Redefining \dots on input line 9.
LaTeX Info: Redefining \up on input line 9.
\myptabbox=\box33
\myptabboxwidth=\skip201
Package lastpage Info: Please have a look at the pageslts package at
(lastpage)             http://www.ctan.org/tex-archive/ 
(lastpage)             macros/latex/contrib/pageslts/ 
(lastpage)             or
(lastpage)             http://www.ctan.org/tex-archive/ 
(lastpage)             install/macros/latex/contrib/pageslts.tds.zip
(lastpage)             ! on input line 9.
("C:\Program Files (x86)\MiKTeX 2.9\tex\context\base\supp-pdf.mkii"
[Loading MPS to PDF converter (version 2006.09.02).]
\scratchcounter=\count180
\scratchdimen=\dimen163
\scratchbox=\box34
\nofMPsegments=\count181
\nofMParguments=\count182
\everyMPshowfont=\toks29
\MPscratchCnt=\count183
\MPscratchDim=\dimen164
\MPnumerator=\count184
\makeMPintoPDFobject=\count185
\everyMPtoPDFconversion=\toks30
)
\c@lstlisting=\count186
LaTeX Font Info:    Try loading font information for T1+lmss on input line 12.
 ("C:\Program Files (x86)\MiKTeX 2.9\tex\latex\lm\t1lmss.fd"
File: t1lmss.fd 2009/10/30 v1.6 Font defs for Latin Modern
)
LaTeX Font Info:    Font shape `T1/lmss/bx/it' in size <20.74> not available
(Font)              Font shape `T1/lmss/bx/sl' tried instead on input line 12.

<figuras/capa.jpg, id=4, 813.0375pt x 1150.2975pt>
File: figuras/capa.jpg Graphic file (type jpg)
 <use figuras/capa.jpg>
Package pdftex.def Info: figuras/capa.jpg used on input line 12.
(pdftex.def)             Requested size: 597.29626pt x 845.06361pt.

[1

{C:/ProgramData/MiKTeX/2.9/pdftex/config/pdftex.map} <C:/Users/Al Campelo/Docum
ents/UnB/Monografia/latex/figuras/capa.jpg>] [2

]
LaTeX Font Info:    Font shape `T1/lmss/bx/it' in size <17.28> not available
(Font)              Font shape `T1/lmss/bx/sl' tried instead on input line 14.
LaTeX Font Info:    Try loading font information for OT1+lmr on input line 14.

("C:\Program Files (x86)\MiKTeX 2.9\tex\latex\lm\ot1lmr.fd"
File: ot1lmr.fd 2009/10/30 v1.6 Font defs for Latin Modern
)<<ot1.cmap>>
LaTeX Font Info:    Try loading font information for OML+lmm on input line 14.

("C:\Program Files (x86)\MiKTeX 2.9\tex\latex\lm\omllmm.fd"
File: omllmm.fd 2009/10/30 v1.6 Font defs for Latin Modern
)<<oml.cmap>>
LaTeX Font Info:    Try loading font information for OMS+lmsy on input line 14.


("C:\Program Files (x86)\MiKTeX 2.9\tex\latex\lm\omslmsy.fd"
File: omslmsy.fd 2009/10/30 v1.6 Font defs for Latin Modern
)<<oms.cmap>>
LaTeX Font Info:    Try loading font information for OMX+lmex on input line 14.


("C:\Program Files (x86)\MiKTeX 2.9\tex\latex\lm\omxlmex.fd"
File: omxlmex.fd 2009/10/30 v1.6 Font defs for Latin Modern
)
LaTeX Font Info:    External font `lmex10' loaded for size
(Font)              <12> on input line 14.
<<omx.cmap>>
LaTeX Font Info:    External font `lmex10' loaded for size
(Font)              <8> on input line 14.
LaTeX Font Info:    External font `lmex10' loaded for size
(Font)              <6> on input line 14.
pdfTeX warning (ext4): destination with the same identifier (name{page.1}) has 
been already used, duplicate ignored
<to be read again> 
                   \relax 
l.14 
      [1


]
("C:\Users\Al Campelo\Documents\UnB\Monografia\latex\fixos/folhaDeAprovacao.tex
"pdfTeX warning (ext4): destination with the same identifier (name{page.2}) has
 been already used, duplicate ignored
<to be read again> 
                   \relax 
l.31 \end{folhadeaprovacao}
                            [2

])
("C:\Users\Al Campelo\Documents\UnB\Monografia\latex\editaveis/resumo.tex"
[3

] [4

])
("C:\Users\Al Campelo\Documents\UnB\Monografia\latex\editaveis/abstract.tex"
[5] [6

])
("C:\Users\Al Campelo\Documents\UnB\Monografia\latex\fixos/listasAutomaticas.te
x" ("C:\Users\Al Campelo\Documents\UnB\Monografia\latex\tcc.lof" [7]) [8]
("C:\Users\Al Campelo\Documents\UnB\Monografia\latex\tcc.lot") [9

] [10

])
("C:\Users\Al Campelo\Documents\UnB\Monografia\latex\editaveis/abreviaturas.tex
" [11

] [12

])
("C:\Users\Al Campelo\Documents\UnB\Monografia\latex\fixos/indiceAutomatico.tex
" ("C:\Users\Al Campelo\Documents\UnB\Monografia\latex\tcc.toc" [13]
LaTeX Font Info:    External font `lmex10' loaded for size
(Font)              <14.4> on input line 71.
LaTeX Font Info:    External font `lmex10' loaded for size
(Font)              <10> on input line 71.
LaTeX Font Info:    External font `lmex10' loaded for size
(Font)              <7> on input line 71.
 [14]
LaTeX Font Info:    Font shape `T1/lmss/bx/it' in size <12> not available
(Font)              Font shape `T1/lmss/bx/sl' tried instead on input line 80.
)
[15] [16

])
("C:\Users\Al Campelo\Documents\UnB\Monografia\latex\editaveis/introducao.tex"
LaTeX Font Info:    External font `lmex10' loaded for size
(Font)              <5> on input line 10.

[17

]
LaTeX Font Info:    Try loading font information for OMS+lmr on input line 27.
 ("C:\Program Files (x86)\MiKTeX 2.9\tex\latex\lm\omslmr.fd"
File: omslmr.fd 2009/10/30 v1.6 Font defs for Latin Modern
)
LaTeX Font Info:    Font shape `OMS/lmr/m/n' in size <12> not available
(Font)              Font shape `OMS/lmsy/m/n' tried instead on input line 27.
 [18])
("C:\Users\Al Campelo\Documents\UnB\Monografia\latex\editaveis/referencial.tex"
[19] [20

]
LaTeX Font Info:    Font shape `T1/lmss/m/it' in size <17.28> not available
(Font)              Font shape `T1/lmss/m/sl' tried instead on input line 4.
 <figuras/pipeline.jpg, id=437, 869.2475pt x 380.42125pt>
File: figuras/pipeline.jpg Graphic file (type jpg)

<use figuras/pipeline.jpg>
Package pdftex.def Info: figuras/pipeline.jpg used on input line 13.
(pdftex.def)             Requested size: 434.62268pt x 190.21014pt.
 [21 <C:/Users/Al Campelo/Documents/UnB/Monografia/latex/figuras/pipeline.jpg>]
LaTeX Font Info:    Font shape `T1/lmss/m/it' in size <14.4> not available
(Font)              Font shape `T1/lmss/m/sl' tried instead on input line 20.

("C:\Program Files (x86)\MiKTeX 2.9\tex\latex\lm\t1lmtt.fd") [22]
<figuras/shader_use.jpg, id=455, 1170.3725pt x 584.1825pt>
File: figuras/shader_use.jpg Graphic file (type jpg)

<use figuras/shader_use.jpg>
Package pdftex.def Info: figuras/shader_use.jpg used on input line 83.
(pdftex.def)             Requested size: 468.1407pt x 233.66885pt.

Overfull \hbox (13.1407pt too wide) in paragraph at lines 83--84
 [][] 
 []

LaTeX Font Info:    Font shape `T1/lmss/m/it' in size <12> not available
(Font)              Font shape `T1/lmss/m/sl' tried instead on input line 93.

Underfull \vbox (badness 3158) has occurred while \output is active []

 [23 <C:/Users/Al Campelo/Documents/UnB/Monografia/latex/figuras/shader_use.jpg
>] [24]
[25] [26] <figuras/flatgp.jpg, id=504, 624.08156pt x 263.48438pt>
File: figuras/flatgp.jpg Graphic file (type jpg)

<use figuras/flatgp.jpg>
Package pdftex.def Info: figuras/flatgp.jpg used on input line 203.
(pdftex.def)             Requested size: 312.04001pt x 131.74185pt.
 [27 <C:/Users/Al Campelo/Documents/UnB/Monografia/latex/figuras/flatgp.jpg>] <
figuras/tomcor.png, id=516, 189.70876pt x 169.38281pt>
File: figuras/tomcor.png Graphic file (type png)

<use figuras/tomcor.png>
Package pdftex.def Info: figuras/tomcor.png used on input line 229.
(pdftex.def)             Requested size: 189.70828pt x 169.38239pt.

<figuras/envmap.jpg, id=518, 259.97125pt x 194.7275pt>
File: figuras/envmap.jpg Graphic file (type jpg)

<use figuras/envmap.jpg>
Package pdftex.def Info: figuras/envmap.jpg used on input line 241.
(pdftex.def)             Requested size: 259.97061pt x 194.727pt.
 [28 <C:/Users/Al Campelo/Documents/UnB/Monografia/latex/figuras/tomcor.png>] [
29 <C:/Users/Al Campelo/Documents/UnB/Monografia/latex/figuras/envmap.jpg>] <fi
guras/compalg.png, id=543, 589.0005pt x 444.4605pt>
File: figuras/compalg.png Graphic file (type png)

<use figuras/compalg.png>
Package pdftex.def Info: figuras/compalg.png used on input line 294.
(pdftex.def)             Requested size: 235.59602pt x 177.78105pt.
 [30 <C:/Users/Al Campelo/Documents/UnB/Monografia/latex/figuras/compalg.png>] 
[31] [32])
("C:\Users\Al Campelo\Documents\UnB\Monografia\latex\editaveis/metodologia.tex"
[33] [34

] [35] <figuras/eclipse.jpg, id=606, 1020.81375pt x 537.50812pt>
File: figuras/eclipse.jpg Graphic file (type jpg)

<use figuras/eclipse.jpg>
Package pdftex.def Info: figuras/eclipse.jpg used on input line 44.
(pdftex.def)             Requested size: 357.29016pt x 188.13066pt.
 [36 <C:/Users/Al Campelo/Documents/UnB/Monografia/latex/figuras/eclipse.jpg>]
<figuras/xcode.jpg, id=619, 742.27313pt x 477.28313pt>
File: figuras/xcode.jpg Graphic file (type jpg)
 <use figuras/xcode.jpg>
Package pdftex.def Info: figuras/xcode.jpg used on input line 57.
(pdftex.def)             Requested size: 371.13567pt x 238.64098pt.

<figuras/blender.jpg, id=622, 642.90187pt x 457.71pt>
File: figuras/blender.jpg Graphic file (type jpg)

<use figuras/blender.jpg>
Package pdftex.def Info: figuras/blender.jpg used on input line 68.
(pdftex.def)             Requested size: 385.7441pt x 274.62813pt.
 [37 <C:/Users/Al Campelo/Documents/UnB/Monografia/latex/figuras/xcode.jpg>]
<figuras/analyzer_opengles.png, id=631, 1012.78375pt x 707.64375pt>
File: figuras/analyzer_opengles.png Graphic file (type png)

<use figuras/analyzer_opengles.png>
Package pdftex.def Info: figuras/analyzer_opengles.png used on input line 82.
(pdftex.def)             Requested size: 303.83746pt x 212.29475pt.

Underfull \vbox (badness 1199) has occurred while \output is active []

 [38 <C:/Users/Al Campelo/Documents/UnB/Monografia/latex/figuras/blender.jpg> <
C:/Users/Al Campelo/Documents/UnB/Monografia/latex/figuras/analyzer_opengles.pn
g>]
<figuras/shader_analyzer.jpg, id=639, 731.73375pt x 526.21594pt>
File: figuras/shader_analyzer.jpg Graphic file (type jpg)

<use figuras/shader_analyzer.jpg>
Package pdftex.def Info: figuras/shader_analyzer.jpg used on input line 96.
(pdftex.def)             Requested size: 292.68831pt x 210.48265pt.

<figuras/graph.jpg, id=641, 905.63344pt x 526.21594pt>
File: figuras/graph.jpg Graphic file (type jpg)
 <use figuras/graph.jpg>
Package pdftex.def Info: figuras/graph.jpg used on input line 105.
(pdftex.def)             Requested size: 316.97646pt x 184.17833pt.

Underfull \vbox (badness 10000) has occurred while \output is active []

 [39 <C:/Users/Al Campelo/Documents/UnB/Monografia/latex/figuras/shader_analyze
r.jpg>]
<figuras/class_diagram.jpg, id=655, 737.75626pt x 380.17032pt>
File: figuras/class_diagram.jpg Graphic file (type jpg)

<use figuras/class_diagram.jpg>
Package pdftex.def Info: figuras/class_diagram.jpg used on input line 125.
(pdftex.def)             Requested size: 368.87723pt x 190.08469pt.

<figuras/shader_splash.jpg, id=656, 534.49687pt x 409.53pt>
File: figuras/shader_splash.jpg Graphic file (type jpg)

<use figuras/shader_splash.jpg>
Package pdftex.def Info: figuras/shader_splash.jpg used on input line 134.
(pdftex.def)             Requested size: 267.24777pt x 204.7645pt.

Underfull \vbox (badness 10000) has occurred while \output is active []

 [40 <C:/Users/Al Campelo/Documents/UnB/Monografia/latex/figuras/graph.jpg>] [4
1 <C:/Users/Al Campelo/Documents/UnB/Monografia/latex/figuras/class_diagram.jpg
> <C:/Users/Al Campelo/Documents/UnB/Monografia/latex/figuras/shader_splash.jpg
>]
<figuras/splash_act.png, id=676, 770.88pt x 1284.8pt>
File: figuras/splash_act.png Graphic file (type png)

<use figuras/splash_act.png>
Package pdftex.def Info: figuras/splash_act.png used on input line 145.
(pdftex.def)             Requested size: 154.17326pt x 256.95544pt.

<figuras/shader_act.png, id=678, 770.88pt x 1284.8pt>
File: figuras/shader_act.png Graphic file (type png)

<use figuras/shader_act.png>
Package pdftex.def Info: figuras/shader_act.png used on input line 154.
(pdftex.def)             Requested size: 154.17326pt x 256.95544pt.

<figuras/object_texture.jpg, id=679, 487.8225pt x 165.61874pt>
File: figuras/object_texture.jpg Graphic file (type jpg)

<use figuras/object_texture.jpg>
Package pdftex.def Info: figuras/object_texture.jpg used on input line 165.
(pdftex.def)             Requested size: 292.69576pt x 99.37201pt.

Underfull \vbox (badness 10000) has occurred while \output is active []

 [42 <C:/Users/Al Campelo/Documents/UnB/Monografia/latex/figuras/splash_act.png
>]
<figuras/buffer.png, id=687, 303.38344pt x 39.89906pt>
File: figuras/buffer.png Graphic file (type png)

<use figuras/buffer.png>
Package pdftex.def Info: figuras/buffer.png used on input line 176.
(pdftex.def)             Requested size: 303.38269pt x 39.89894pt.
 [43 <C:/Users/Al Campelo/Documents/UnB/Monografia/latex/figuras/shader_act.png
> <C:/Users/Al Campelo/Documents/UnB/Monografia/latex/figuras/object_texture.jp
g> <C:/Users/Al Campelo/Documents/UnB/Monografia/latex/figuras/buffer.png>] <fi
guras/uvmap.jpg, id=693, 758.835pt x 500.62032pt>
File: figuras/uvmap.jpg Graphic file (type jpg)

<use figuras/uvmap.jpg>
Package pdftex.def Info: figuras/uvmap.jpg used on input line 187.
(pdftex.def)             Requested size: 455.30452pt x 300.37451pt.

<figuras/texture_uvmap.jpg, id=695, 1027.84pt x 1029.8475pt>
File: figuras/texture_uvmap.jpg Graphic file (type jpg)

<use figuras/texture_uvmap.jpg>
Package pdftex.def Info: figuras/texture_uvmap.jpg used on input line 196.
(pdftex.def)             Requested size: 205.56436pt x 205.96585pt.

<figuras/timer_nativelib.jpg, id=696, 709.14937pt x 393.72093pt>
File: figuras/timer_nativelib.jpg Graphic file (type jpg)

<use figuras/timer_nativelib.jpg>
Package pdftex.def Info: figuras/timer_nativelib.jpg used on input line 205.
(pdftex.def)             Requested size: 425.4929pt x 236.23438pt.
 [44 <C:/Users/Al Campelo/Documents/UnB/Monografia/latex/figuras/uvmap.jpg>]
<figuras/renderer.jpg, id=703, 674.52pt x 591.71063pt>
File: figuras/renderer.jpg Graphic file (type jpg)

<use figuras/renderer.jpg>
Package pdftex.def Info: figuras/renderer.jpg used on input line 216.
(pdftex.def)             Requested size: 404.71512pt x 355.02911pt.
 [45 <C:/Users/Al Campelo/Documents/UnB/Monografia/latex/figuras/texture_uvmap.
jpg> <C:/Users/Al Campelo/Documents/UnB/Monografia/latex/figuras/timer_nativeli
b.jpg>]
<figuras/shaders_diag.jpg, id=709, 443.40656pt x 371.13657pt>
File: figuras/shaders_diag.jpg Graphic file (type jpg)

<use figuras/shaders_diag.jpg>
Package pdftex.def Info: figuras/shaders_diag.jpg used on input line 227.
(pdftex.def)             Requested size: 266.04597pt x 222.68365pt.

<figuras/shaders_impl.png, id=712, 448.67625pt x 839.38594pt>
File: figuras/shaders_impl.png Graphic file (type png)

<use figuras/shaders_impl.png>
Package pdftex.def Info: figuras/shaders_impl.png used on input line 236.
(pdftex.def)             Requested size: 314.07123pt x 587.56616pt.

Underfull \vbox (badness 10000) has occurred while \output is active []

 [46 <C:/Users/Al Campelo/Documents/UnB/Monografia/latex/figuras/renderer.jpg>]

("C:\Program Files (x86)\MiKTeX 2.9\tex\latex\listings\lstlang1.sty"
File: lstlang1.sty 2013/08/26 1.5b listings language file
)
("C:\Program Files (x86)\MiKTeX 2.9\tex\latex\listings\lstmisc.sty"
File: lstmisc.sty 2013/08/26 1.5b (Carsten Heinz)
)
Package hyperref Info: bookmark level for unknown lstlisting defaults to 0 on i
nput line 247.

("C:\Users\Al Campelo\Documents\UnB\Monografia\latex\codigos/phong_vs.txt"
LaTeX Font Info:    Font shape `T1/lmtt/bx/n' in size <10.95> not available
(Font)              Font shape `T1/lmtt/b/n' tried instead on input line 1.

Underfull \vbox (badness 1107) has occurred while \output is active []

 [47 <C:/Users/Al Campelo/Documents/UnB/Monografia/latex/figuras/shaders_diag.j
pg>])
("C:\Users\Al Campelo\Documents\UnB\Monografia\latex\codigos/phong_ps.txt")
[48] ("C:\Users\Al Campelo\Documents\UnB\Monografia\latex\codigos/gouraud_vs.tx
t"
Overfull \hbox (14.10205pt too wide) in paragraph at lines 24--25
[][][][][][][][][][][][][][][][][][][][][][][][][][][][][] 
 []

[49])
("C:\Users\Al Campelo\Documents\UnB\Monografia\latex\codigos/gouraud_ps.txt")
("C:\Users\Al Campelo\Documents\UnB\Monografia\latex\codigos/red_vs.txt")
("C:\Users\Al Campelo\Documents\UnB\Monografia\latex\codigos/red_ps.txt")
("C:\Users\Al Campelo\Documents\UnB\Monografia\latex\codigos/toon_vs.txt"
[50]) ("C:\Users\Al Campelo\Documents\UnB\Monografia\latex\codigos/toon_ps.txt"
) ("C:\Users\Al Campelo\Documents\UnB\Monografia\latex\codigos/flat_vs.txt"
[51]) ("C:\Users\Al Campelo\Documents\UnB\Monografia\latex\codigos/flat_ps.txt"
) ("C:\Users\Al Campelo\Documents\UnB\Monografia\latex\codigos/randcolor_vs.txt
"

! Package inputenc Error: Keyboard character used is undefined
(inputenc)                in inputencoding `utf8'.

See the inputenc package documentation for explanation.
Type  H <return>  for immediate help.
 ...                                              
                                                  
l.8 	// 2^sqrt(2) (GelfondSchneider 
                                     constant)
You need to provide a definition with \DeclareInputText 
or \DeclareInputMath before using this key.

[52])
("C:\Users\Al Campelo\Documents\UnB\Monografia\latex\codigos/randcolor_ps.txt")
("C:\Users\Al Campelo\Documents\UnB\Monografia\latex\codigos/simple_tex_vs.txt"
) ("C:\Users\Al Campelo\Documents\UnB\Monografia\latex\codigos/simple_tex_ps.tx
t") [53]
("C:\Users\Al Campelo\Documents\UnB\Monografia\latex\codigos/cubemap_vs.txt")
("C:\Users\Al Campelo\Documents\UnB\Monografia\latex\codigos/cubemap_ps.txt")
("C:\Users\Al Campelo\Documents\UnB\Monografia\latex\codigos/reflection_vs.txt"
[54])
("C:\Users\Al Campelo\Documents\UnB\Monografia\latex\codigos/reflection_ps.txt"
) [55] [56 <C:/Users/Al Campelo/Documents/UnB/Monografia/latex/figuras/shaders_
impl.png>] <figuras/ios_class_diagram.jpg, id=1044, 700.86844pt x 546.54187pt>
File: figuras/ios_class_diagram.jpg Graphic file (type jpg)

<use figuras/ios_class_diagram.jpg>
Package pdftex.def Info: figuras/ios_class_diagram.jpg used on input line 331.
(pdftex.def)             Requested size: 420.5243pt x 327.92764pt.

<figuras/gouraud_ios.png, id=1046, 271.76532pt x 527.72156pt>
File: figuras/gouraud_ios.png Graphic file (type png)

<use figuras/gouraud_ios.png>
Package pdftex.def Info: figuras/gouraud_ios.png used on input line 340.
(pdftex.def)             Requested size: 135.88232pt x 263.86014pt.
 [57

 <C:/Users/Al Campelo/Documents/UnB/Monografia/latex/figuras/ios_class_diagram.
jpg>] [58 <C:/Users/Al Campelo/Documents/UnB/Monografia/latex/figuras/gouraud_i
os.png>] [59]
("C:\Users\Al Campelo\Documents\UnB\Monografia\latex\codigos/linhacomando.txt")
<figuras/minquad_diag.jpg, id=1069, 774.64406pt x 574.39594pt>
File: figuras/minquad_diag.jpg Graphic file (type jpg)

<use figuras/minquad_diag.jpg>
Package pdftex.def Info: figuras/minquad_diag.jpg used on input line 381.
(pdftex.def)             Requested size: 449.29387pt x 333.14986pt.
)
("C:\Users\Al Campelo\Documents\UnB\Monografia\latex\editaveis/resultados.tex"
[60 <C:/Users/Al Campelo/Documents/UnB/Monografia/latex/figuras/minquad_diag.jp
g>] <figuras/red_pt.png, id=1079, 769.37437pt x 1065.9825pt>
File: figuras/red_pt.png Graphic file (type png)

<use figuras/red_pt.png>
Package pdftex.def Info: figuras/red_pt.png used on input line 12.
(pdftex.def)             Requested size: 423.15721pt x 586.29219pt.

<figuras/cubeplot_pt.png, id=1080, 766.36313pt x 847.66687pt>
File: figuras/cubeplot_pt.png Graphic file (type png)

<use figuras/cubeplot_pt.png>
Package pdftex.def Info: figuras/cubeplot_pt.png used on input line 19.
(pdftex.def)             Requested size: 421.50102pt x 466.21822pt.

<figuras/render_time_pt.png, id=1081, 1031.35312pt x 1734.48pt>
File: figuras/render_time_pt.png Graphic file (type png)

<use figuras/render_time_pt.png>
Package pdftex.def Info: figuras/render_time_pt.png used on input line 26.
(pdftex.def)             Requested size: 360.979pt x 607.0771pt.

<figuras/devices_all.png, id=1084, 1163.84813pt x 462.97969pt>
File: figuras/devices_all.png Graphic file (type png)

<use figuras/devices_all.png>
Package pdftex.def Info: figuras/devices_all.png used on input line 35.
(pdftex.def)             Requested size: 465.531pt x 185.18858pt.

Overfull \hbox (10.531pt too wide) in paragraph at lines 35--36
 [][] 
 []

<figuras/render_time_all.png, id=1085, 589.0005pt x 444.4605pt>
File: figuras/render_time_all.png Graphic file (type png)

<use figuras/render_time_all.png>
Package pdftex.def Info: figuras/render_time_all.png used on input line 42.
(pdftex.def)             Requested size: 294.49953pt x 222.2297pt.

<figuras/reflectionlinear_pt.png, id=1089, 1106.63437pt x 1097.60063pt>
File: figuras/reflectionlinear_pt.png Graphic file (type png)

<use figuras/reflectionlinear_pt.png>
Package pdftex.def Info: figuras/reflectionlinear_pt.png used on input line 52.

(pdftex.def)             Requested size: 442.6459pt x 439.03247pt.

<figuras/minquad_render_time_pt.png, id=1090, 1041.8925pt x 746.79pt>
File: figuras/minquad_render_time_pt.png Graphic file (type png)

<use figuras/minquad_render_time_pt.png>
Package pdftex.def Info: figuras/minquad_render_time_pt.png used on input line 
59.
(pdftex.def)             Requested size: 416.74962pt x 298.7107pt.

<figuras/htc_render_pt.png, id=1093, 756.57657pt x 210.03468pt>
File: figuras/htc_render_pt.png Graphic file (type png)

<use figuras/htc_render_pt.png>
Package pdftex.def Info: figuras/htc_render_pt.png used on input line 68.
(pdftex.def)             Requested size: 416.1184pt x 115.51942pt.
 [61

]
<figuras/htc_minquad_render_pt.png, id=1098, 743.77875pt x 767.86874pt>
File: figuras/htc_minquad_render_pt.png Graphic file (type png)

<use figuras/htc_minquad_render_pt.png>
Package pdftex.def Info: figuras/htc_minquad_render_pt.png used on input line 7
5.
(pdftex.def)             Requested size: 446.27069pt x 460.7248pt.

<figuras/nexus_htc.png, id=1100, 1171.37625pt x 462.22687pt>
File: figuras/nexus_htc.png Graphic file (type png)

<use figuras/nexus_htc.png>
Package pdftex.def Info: figuras/nexus_htc.png used on input line 84.
(pdftex.def)             Requested size: 468.5422pt x 184.88747pt.

Overfull \hbox (13.5422pt too wide) in paragraph at lines 84--85
 [][] 
 []

[62] [63 <C:/Users/Al Campelo/Documents/UnB/Monografia/latex/figuras/red_pt.png
>] [64 <C:/Users/Al Campelo/Documents/UnB/Monografia/latex/figuras/cubeplot_pt.
png>] [65 <C:/Users/Al Campelo/Documents/UnB/Monografia/latex/figuras/render_ti
me_pt.png>] [66 <C:/Users/Al Campelo/Documents/UnB/Monografia/latex/figuras/dev
ices_all.png> <C:/Users/Al Campelo/Documents/UnB/Monografia/latex/figuras/rende
r_time_all.png>] [67 <C:/Users/Al Campelo/Documents/UnB/Monografia/latex/figura
s/reflectionlinear_pt.png>] [68 <C:/Users/Al Campelo/Documents/UnB/Monografia/l
atex/figuras/minquad_render_time_pt.png> <C:/Users/Al Campelo/Documents/UnB/Mon
ografia/latex/figuras/htc_render_pt.png>] [69 <C:/Users/Al Campelo/Documents/Un
B/Monografia/latex/figuras/htc_minquad_render_pt.png>] [70 <C:/Users/Al Campelo
/Documents/UnB/Monografia/latex/figuras/nexus_htc.png>]
<figuras/ios_render_time_pt.jpg, id=1150, 1023.07219pt x 426.09187pt>
File: figuras/ios_render_time_pt.jpg Graphic file (type jpg)

<use figuras/ios_render_time_pt.jpg>
Package pdftex.def Info: figuras/ios_render_time_pt.jpg used on input line 95.
(pdftex.def)             Requested size: 358.08063pt x 149.13438pt.

<figuras/ios_minquad_render_pt.jpg, id=1151, 977.15062pt x 766.36313pt>
File: figuras/ios_minquad_render_pt.jpg Graphic file (type jpg)

<use figuras/ios_minquad_render_pt.jpg>
Package pdftex.def Info: figuras/ios_minquad_render_pt.jpg used on input line 1
02.
(pdftex.def)             Requested size: 342.00784pt x 268.23111pt.

<figuras/render_time_devices.png, id=1153, 589.0005pt x 444.4605pt>
File: figuras/render_time_devices.png Graphic file (type png)

<use figuras/render_time_devices.png>
Package pdftex.def Info: figuras/render_time_devices.png used on input line 111
.
(pdftex.def)             Requested size: 235.59602pt x 177.78105pt.
 [71

 <C:/Users/Al Campelo/Documents/UnB/Monografia/latex/figuras/ios_render_time_pt
.jpg> <C:/Users/Al Campelo/Documents/UnB/Monografia/latex/figuras/ios_minquad_r
ender_pt.jpg>] [72 <C:/Users/Al Campelo/Documents/UnB/Monografia/latex/figuras/
render_time_devices.png>]
Underfull \hbox (badness 10000) in alignment at lines 194--194
[][] 
 []

[73] [74]
Underfull \hbox (badness 3281) in paragraph at lines 231--231
[]|\T1/lmr/bx/n/12 Instrues por Se-gundo
 []


Underfull \hbox (badness 3281) in paragraph at lines 231--231
[]|\T1/lmr/bx/n/12 Instrues por Se-gundo
 []


Underfull \hbox (badness 3281) in paragraph at lines 315--315
[]|\T1/lmr/bx/n/12 Instrues por Se-gundo
 []


Underfull \hbox (badness 3281) in paragraph at lines 315--315
[]|\T1/lmr/bx/n/12 Instrues por Se-gundo
 []

[75] [76]
Underfull \hbox (badness 10000) in paragraph at lines 354--354
[]|\T1/lmr/bx/n/12 Segundos -
 []

[77

] <figuras/processo.png, id=1206, 395.22656pt x 407.27156pt>
File: figuras/processo.png Graphic file (type png)

<use figuras/processo.png>
Package pdftex.def Info: figuras/processo.png used on input line 366.
(pdftex.def)             Requested size: 197.6128pt x 203.63527pt.
)
("C:\Users\Al Campelo\Documents\UnB\Monografia\latex\editaveis/conclusao.tex"
[78 <C:/Users/Al Campelo/Documents/UnB/Monografia/latex/figuras/processo.png>]
("C:\Users\Al Campelo\Documents\UnB\Monografia\latex\codigos/vertex_proc.txt")
("C:\Users\Al Campelo\Documents\UnB\Monografia\latex\codigos/fragment_proc.txt"
[79

]) ("C:\Users\Al Campelo\Documents\UnB\Monografia\latex\codigos/red_vs.txt")) (
"C:\Users\Al Campelo\Documents\UnB\Monografia\latex\tcc.bbl"
("C:\Users\Al Campelo\Documents\UnB\Monografia\latex\tcc.brf")
\tf@brf=\write5
 [80]
bibitemlist
[81

]) ("C:\Users\Al Campelo\Documents\UnB\Monografia\latex\editaveis/anexos.tex" [
82] [83


] [84] <figuras/quadrado.jpg, id=1298, 311.66437pt x 280.79906pt>
File: figuras/quadrado.jpg Graphic file (type jpg)

<use figuras/quadrado.jpg>
Package pdftex.def Info: figuras/quadrado.jpg used on input line 18.
(pdftex.def)             Requested size: 155.8318pt x 140.39919pt.
 [85

 <C:/Users/Al Campelo/Documents/UnB/Monografia/latex/figuras/quadrado.jpg>]
<figuras/clip.jpg, id=1305, 540.0175pt x 234.8775pt>
File: figuras/clip.jpg Graphic file (type jpg)
 <use figuras/clip.jpg>
Package pdftex.def Info: figuras/clip.jpg used on input line 37.
(pdftex.def)             Requested size: 270.00809pt x 117.43846pt.

[86] <figuras/traversal.jpg, id=1311, 160.6pt x 329.23pt>
File: figuras/traversal.jpg Graphic file (type jpg)

<use figuras/traversal.jpg>
Package pdftex.def Info: figuras/traversal.jpg used on input line 52.
(pdftex.def)             Requested size: 128.48016pt x 263.38435pt.
 [87 <C:/Users/Al Campelo/Documents/UnB/Monografia/latex/figuras/clip.jpg>] [88
 <C:/Users/Al Campelo/Documents/UnB/Monografia/latex/figuras/traversal.jpg>]
LaTeX Font Info:    Font shape `T1/lmss/m/it' in size <24.88> not available
(Font)              Font shape `T1/lmss/m/sl' tried instead on input line 65.

("C:\Program Files (x86)\MiKTeX 2.9\tex\latex\listings\lstlang1.sty"
File: lstlang1.sty 2013/08/26 1.5b listings language file
)
("C:\Users\Al Campelo\Documents\UnB\Monografia\latex\codigos/obj.txt"

! Package inputenc Error: Unicode char \u8:\expandafter\lst@FillFixed@ not set
 up for use with LaTeX.

See the inputenc package documentation for explanation.
Type  H <return>  for immediate help.
 ...                                              
                                                  
l.3 #8 vrtices
               
Your command was ignored.
Type  I <command> <return>  to replace it with another command,
or  <return>  to continue without it.

[89

]

! Package inputenc Error: Unicode char \u8:\expandafter\lst@FillFixed@ not set
 up for use with LaTeX.

See the inputenc package documentation for explanation.
Type  H <return>  for immediate help.
 ...                                              
                                                  
l.29 #6 faces - 12 tringulos
                             
Your command was ignored.
Type  I <command> <return>  to replace it with another command,
or  <return>  to continue without it.

))
No file tcc.ind.

AED: lastpage setting LastPage
[90]
\tf@lof=\write6
\tf@lot=\write7
\tf@toc=\write8
Package atveryend Info: Empty hook `BeforeClearDocument' on input line 39.
Package atveryend Info: Empty hook `AfterLastShipout' on input line 39.
 ("C:\Users\Al Campelo\Documents\UnB\Monografia\latex\tcc.aux")
Package atveryend Info: Executing hook `AtVeryEndDocument' on input line 39.
Package atveryend Info: Executing hook `AtEndAfterFileList' on input line 39.


Package rerunfilecheck Warning: File `tcc.brf' has changed.
(rerunfilecheck)                Rerun to get bibliographical references right.

Package rerunfilecheck Info: Checksums for `tcc.brf':
(rerunfilecheck)             Before: ACC72A81BB7CFD2971C8EA2B591D401A;1274
(rerunfilecheck)             After:  60C03C255547832BB7E4536449FABF3E;1274.

LaTeX Warning: Label(s) may have changed. Rerun to get cross-references right.

Package atveryend Info: Empty hook `AtVeryVeryEnd' on input line 39.
 )
(\end occurred inside a group at level 1)

### simple group (level 1) entered at line 165 ({)
### bottom level 
Here is how much of TeX's memory you used:
 15386 strings out of 493921
 227145 string characters out of 3144860
 384202 words of memory out of 3000000
 17594 multiletter control sequences out of 15000+200000
 117276 words of font info for 70 fonts, out of 3000000 for 9000
 841 hyphenation exceptions out of 8191
 42i,13n,52p,1423b,2314s stack positions out of 5000i,500n,10000p,200000b,50000s
{C:/Program Files (x86)/MiKTeX 2.9/fonts/enc/dvips/lm/lm-ec.enc
}{C:/Program Files (x86)/MiKTeX 2.9/fonts/enc/dvips/lm/lm-rm.enc}{C:/Program Fi
les (x86)/MiKTeX 2.9/fonts/enc/dvips/lm/lm-mathsy.enc}{C:/Program Files (x86)/M
iKTeX 2.9/fonts/enc/dvips/lm/lm-mathex.enc}{C:/Program Files (x86)/MiKTeX 2.9/f
onts/enc/dvips/lm/lm-mathit.enc}<C:/Program Files (x86)/MiKTeX 2.9/fonts/type1/
public/lm/lmbx10.pfb><C:/Program Files (x86)/MiKTeX 2.9/fonts/type1/public/lm/l
mbx12.pfb><C:/Program Files (x86)/MiKTeX 2.9/fonts/type1/public/lm/lmbxi10.pfb>
<C:/Program Files (x86)/MiKTeX 2.9/fonts/type1/public/lm/lmex10.pfb><C:/Program
 Files (x86)/MiKTeX 2.9/fonts/type1/public/lm/lmmi12.pfb><C:/Program Files (x86
)/MiKTeX 2.9/fonts/type1/public/lm/lmmi8.pfb><C:/Program Files (x86)/MiKTeX 2.9
/fonts/type1/public/lm/lmr10.pfb><C:/Program Files (x86)/MiKTeX 2.9/fonts/type1
/public/lm/lmr12.pfb><C:/Program Files (x86)/MiKTeX 2.9/fonts/type1/public/lm/l
mr6.pfb><C:/Program Files (x86)/MiKTeX 2.9/fonts/type1/public/lm/lmr7.pfb><C:/P
rogram Files (x86)/MiKTeX 2.9/fonts/type1/public/lm/lmr8.pfb><C:/Program Files 
(x86)/MiKTeX 2.9/fonts/type1/public/lm/lmri10.pfb><C:/Program Files (x86)/MiKTe
X 2.9/fonts/type1/public/lm/lmri12.pfb><C:/Program Files (x86)/MiKTeX 2.9/fonts
/type1/public/lm/lmss12.pfb><C:/Program Files (x86)/MiKTeX 2.9/fonts/type1/publ
ic/lm/lmss17.pfb><C:/Program Files (x86)/MiKTeX 2.9/fonts/type1/public/lm/lmssb
o10.pfb><C:/Program Files (x86)/MiKTeX 2.9/fonts/type1/public/lm/lmssbx10.pfb><
C:/Program Files (x86)/MiKTeX 2.9/fonts/type1/public/lm/lmsso12.pfb><C:/Program
 Files (x86)/MiKTeX 2.9/fonts/type1/public/lm/lmsso17.pfb><C:/Program Files (x8
6)/MiKTeX 2.9/fonts/type1/public/lm/lmsy10.pfb><C:/Program Files (x86)/MiKTeX 2
.9/fonts/type1/public/lm/lmsy8.pfb><C:/Program Files (x86)/MiKTeX 2.9/fonts/typ
e1/public/lm/lmtk10.pfb><C:/Program Files (x86)/MiKTeX 2.9/fonts/type1/public/l
m/lmtt10.pfb><C:/Program Files (x86)/MiKTeX 2.9/fonts/type1/public/lm/lmtt12.pf
b>
Output written on tcc.pdf (92 pages, 6084880 bytes).
PDF statistics:
 1838 PDF objects out of 2073 (max. 8388607)
 623 named destinations out of 1000 (max. 500000)
 918 words of extra memory for PDF output out of 10000 (max. 10000000)

