This is pdfTeX, Version 3.1415926-2.4-1.40.13 (MiKTeX 2.9) (preloaded format=pdflatex 2013.10.29)  29 OCT 2014 20:44
entering extended mode
**C:/Users/Al*Campelo/Documents/UnB/Monografia/paper_format_sbgames-latex/paper
_format_sbgames-latex-v.2014/template.tex

("C:/Users/Al Campelo/Documents/UnB/Monografia/paper_format_sbgames-latex/paper
_format_sbgames-latex-v.2014/template.tex"
LaTeX2e <2011/06/27>
Babel <v3.8m> and hyphenation patterns for english, afrikaans, ancientgreek, ar
abic, armenian, assamese, basque, bengali, bokmal, bulgarian, catalan, coptic, 
croatian, czech, danish, dutch, esperanto, estonian, farsi, finnish, french, ga
lician, german, german-x-2012-05-30, greek, gujarati, hindi, hungarian, iceland
ic, indonesian, interlingua, irish, italian, kannada, kurmanji, latin, latvian,
 lithuanian, malayalam, marathi, mongolian, mongolianlmc, monogreek, ngerman, n
german-x-2012-05-30, nynorsk, oriya, panjabi, pinyin, polish, portuguese, roman
ian, russian, sanskrit, serbian, slovak, slovenian, spanish, swedish, swissgerm
an, tamil, telugu, turkish, turkmen, ukenglish, ukrainian, uppersorbian, usengl
ishmax, welsh, loaded.

("C:\Users\Al Campelo\Documents\UnB\Monografia\paper_format_sbgames-latex\paper
_format_sbgames-latex-v.2014\sbgames.cls"
Document Class: sbgames 2007/04/05 VI SBGAMES
("C:\Program Files (x86)\MiKTeX 2.9\tex\latex\base\article.cls"
Document Class: article 2007/10/19 v1.4h Standard LaTeX document class
("C:\Program Files (x86)\MiKTeX 2.9\tex\latex\base\size10.clo"
File: size10.clo 2007/10/19 v1.4h Standard LaTeX file (size option)
)
\c@part=\count79
\c@section=\count80
\c@subsection=\count81
\c@subsubsection=\count82
\c@paragraph=\count83
\c@subparagraph=\count84
\c@figure=\count85
\c@table=\count86
\abovecaptionskip=\skip41
\belowcaptionskip=\skip42
\bibindent=\dimen102
)
\bibhang=\skip43
\titlespace=\skip44
\teaserspace=\skip45
\sbc@abs=\toks14
\sbc@copyrightlength=\skip46
)
("C:\Program Files (x86)\MiKTeX 2.9\tex\latex\psnfss\times.sty"
Package: times 2005/04/12 PSNFSS-v9.2a (SPQR) 
)
("C:\Program Files (x86)\MiKTeX 2.9\tex\latex\graphics\graphicx.sty"
Package: graphicx 1999/02/16 v1.0f Enhanced LaTeX Graphics (DPC,SPQR)

("C:\Program Files (x86)\MiKTeX 2.9\tex\latex\graphics\keyval.sty"
Package: keyval 1999/03/16 v1.13 key=value parser (DPC)
\KV@toks@=\toks15
)
("C:\Program Files (x86)\MiKTeX 2.9\tex\latex\graphics\graphics.sty"
Package: graphics 2009/02/05 v1.0o Standard LaTeX Graphics (DPC,SPQR)

("C:\Program Files (x86)\MiKTeX 2.9\tex\latex\graphics\trig.sty"
Package: trig 1999/03/16 v1.09 sin cos tan (DPC)
)
("C:\Program Files (x86)\MiKTeX 2.9\tex\latex\00miktex\graphics.cfg"
File: graphics.cfg 2007/01/18 v1.5 graphics configuration of teTeX/TeXLive
)
Package graphics Info: Driver file: pdftex.def on input line 91.

("C:\Program Files (x86)\MiKTeX 2.9\tex\latex\pdftex-def\pdftex.def"
File: pdftex.def 2011/05/27 v0.06d Graphics/color for pdfTeX

("C:\Program Files (x86)\MiKTeX 2.9\tex\generic\oberdiek\infwarerr.sty"
Package: infwarerr 2010/04/08 v1.3 Providing info/warning/error messages (HO)
)
("C:\Program Files (x86)\MiKTeX 2.9\tex\generic\oberdiek\ltxcmds.sty"
Package: ltxcmds 2011/11/09 v1.22 LaTeX kernel commands for general use (HO)
)
\Gread@gobject=\count87
))
\Gin@req@height=\dimen103
\Gin@req@width=\dimen104
)
("C:\Program Files (x86)\MiKTeX 2.9\tex\latex\listings\listings.sty"
\lst@mode=\count88
\lst@gtempboxa=\box26
\lst@token=\toks16
\lst@length=\count89
\lst@currlwidth=\dimen105
\lst@column=\count90
\lst@pos=\count91
\lst@lostspace=\dimen106
\lst@width=\dimen107
\lst@newlines=\count92
\lst@lineno=\count93
\lst@maxwidth=\dimen108

("C:\Program Files (x86)\MiKTeX 2.9\tex\latex\listings\lstmisc.sty"
File: lstmisc.sty 2013/08/26 1.5b (Carsten Heinz)
\c@lstnumber=\count94
\lst@skipnumbers=\count95
\lst@framebox=\box27
)
("C:\Program Files (x86)\MiKTeX 2.9\tex\latex\listings\listings.cfg"
File: listings.cfg 2013/08/26 1.5b listings configuration
))
Package: listings 2013/08/26 1.5b (Carsten Heinz)

("C:\Program Files (x86)\MiKTeX 2.9\tex\latex\tools\tabularx.sty"
Package: tabularx 1999/01/07 v2.07 `tabularx' package (DPC)

("C:\Program Files (x86)\MiKTeX 2.9\tex\latex\tools\array.sty"
Package: array 2008/09/09 v2.4c Tabular extension package (FMi)
\col@sep=\dimen109
\extrarowheight=\dimen110
\NC@list=\toks17
\extratabsurround=\skip47
\backup@length=\skip48
)
\TX@col@width=\dimen111
\TX@old@table=\dimen112
\TX@old@col=\dimen113
\TX@target=\dimen114
\TX@delta=\dimen115
\TX@cols=\count96
\TX@ftn=\toks18
)
("C:\Program Files (x86)\MiKTeX 2.9\tex\latex\placeins\placeins.sty"
Package: placeins 2005/04/18  v 2.2
)
("C:\Program Files (x86)\MiKTeX 2.9\tex\latex\ltxmisc\parskip.sty"
Package: parskip 2001/04/09 non-zero parskip adjustments
)
("C:\Program Files (x86)\MiKTeX 2.9\tex\latex\caption\caption.sty"
Package: caption 2013/05/02 v3.3-89 Customizing captions (AR)

("C:\Program Files (x86)\MiKTeX 2.9\tex\latex\caption\caption3.sty"
Package: caption3 2013/05/02 v1.6-88 caption3 kernel (AR)
Package caption3 Info: TeX engine: e-TeX on input line 57.
\captionmargin=\dimen116
\captionmargin@=\dimen117
\captionwidth=\dimen118
\caption@tempdima=\dimen119
\caption@indent=\dimen120
\caption@parindent=\dimen121
\caption@hangindent=\dimen122
)
\c@ContinuedFloat=\count97
Package caption Info: listings package is loaded.
)
("C:\Program Files (x86)\MiKTeX 2.9\tex\latex\ltxmisc\url.sty"
\Urlmuskip=\muskip10
Package: url 2006/04/12  ver 3.3  Verb mode for urls, etc.
)
("C:\Users\Al Campelo\Documents\UnB\Monografia\paper_format_sbgames-latex\paper
_format_sbgames-latex-v.2014\template.aux")
LaTeX Font Info:    Checking defaults for OML/cmm/m/it on input line 39.
LaTeX Font Info:    ... okay on input line 39.
LaTeX Font Info:    Checking defaults for T1/cmr/m/n on input line 39.
LaTeX Font Info:    ... okay on input line 39.
LaTeX Font Info:    Checking defaults for OT1/cmr/m/n on input line 39.
LaTeX Font Info:    ... okay on input line 39.
LaTeX Font Info:    Checking defaults for OMS/cmsy/m/n on input line 39.
LaTeX Font Info:    ... okay on input line 39.
LaTeX Font Info:    Checking defaults for OMX/cmex/m/n on input line 39.
LaTeX Font Info:    ... okay on input line 39.
LaTeX Font Info:    Checking defaults for U/cmr/m/n on input line 39.
LaTeX Font Info:    ... okay on input line 39.
LaTeX Font Info:    Try loading font information for OT1+ptm on input line 39.

("C:\Program Files (x86)\MiKTeX 2.9\tex\latex\psnfss\ot1ptm.fd"
File: ot1ptm.fd 2001/06/04 font definitions for OT1/ptm.
)
("C:\Program Files (x86)\MiKTeX 2.9\tex\context\base\supp-pdf.mkii"
[Loading MPS to PDF converter (version 2006.09.02).]
\scratchcounter=\count98
\scratchdimen=\dimen123
\scratchbox=\box28
\nofMPsegments=\count99
\nofMParguments=\count100
\everyMPshowfont=\toks19
\MPscratchCnt=\count101
\MPscratchDim=\dimen124
\MPnumerator=\count102
\makeMPintoPDFobject=\count103
\everyMPtoPDFconversion=\toks20
)
\c@lstlisting=\count104
Package caption Info: Begin \AtBeginDocument code.
Package caption Info: End \AtBeginDocument code.
LaTeX Font Info:    Try loading font information for OT1+phv on input line 50.
 ("C:\Program Files (x86)\MiKTeX 2.9\tex\latex\psnfss\ot1phv.fd"
File: ot1phv.fd 2001/06/04 scalable font definitions for OT1/phv.
)
LaTeX Font Info:    Font shape `OT1/phv/bx/n' in size <14.4> not available
(Font)              Font shape `OT1/phv/b/n' tried instead on input line 50.
LaTeX Font Info:    External font `cmex10' loaded for size
(Font)              <7> on input line 50.
LaTeX Font Info:    External font `cmex10' loaded for size
(Font)              <5> on input line 50.

<capa.png, id=1, 2568.59625pt x 560.0925pt>
File: capa.png Graphic file (type png)
 <use capa.png>
Package pdftex.def Info: capa.png used on input line 50.
(pdftex.def)             Requested size: 505.89pt x 110.30725pt.
LaTeX Font Info:    Font shape `OT1/ptm/bx/n' in size <9> not available
(Font)              Font shape `OT1/ptm/b/n' tried instead on input line 50.
LaTeX Font Info:    Font shape `OT1/phv/bx/n' in size <12> not available
(Font)              Font shape `OT1/phv/b/n' tried instead on input line 54.

Underfull \hbox (badness 10000) in paragraph at lines 68--68

 []

LaTeX Font Info:    External font `cmex10' loaded for size
(Font)              <9> on input line 68.
LaTeX Font Info:    External font `cmex10' loaded for size
(Font)              <6> on input line 68.
LaTeX Font Info:    Try loading font information for OMS+ptm on input line 68.
("C:\Program Files (x86)\MiKTeX 2.9\tex\latex\psnfss\omsptm.fd"
File: omsptm.fd 
)
LaTeX Font Info:    Font shape `OMS/ptm/m/n' in size <9> not available
(Font)              Font shape `OMS/cmsy/m/n' tried instead on input line 68.
LaTeX Font Info:    External font `cmex10' loaded for size
(Font)              <8> on input line 90.
LaTeX Font Info:    Font shape `OT1/phv/bx/n' in size <10> not available
(Font)              Font shape `OT1/phv/b/n' tried instead on input line 131.
 [1{C:/ProgramData/MiKTeX/2.9/pdftex/config/pdftex.map}


 <C:/Users/Al Campelo/Documents/UnB/Monografia/paper_format_sbgames-latex/paper
_format_sbgames-latex-v.2014/capa.png>] <class_diagram.jpg, id=13, 740.0147pt x
 483.30562pt>
File: class_diagram.jpg Graphic file (type jpg)
 <use class_diagram.jpg>
Package pdftex.def Info: class_diagram.jpg used on input line 325.
(pdftex.def)             Requested size: 236.80954pt x 154.66095pt.
LaTeX Font Info:    Font shape `OT1/phv/bx/n' in size <9> not available
(Font)              Font shape `OT1/phv/b/n' tried instead on input line 330.

[2] <shader_splash.png, id=23, 1180.41pt x 963.6pt>
File: shader_splash.png Graphic file (type png)
 <use shader_splash.png>
Package pdftex.def Info: shader_splash.png used on input line 340.
(pdftex.def)             Requested size: 141.64308pt x 115.627pt.

<uvmap.jpg, id=24, 758.835pt x 500.62032pt>
File: uvmap.jpg Graphic file (type jpg)
 <use uvmap.jpg>
Package pdftex.def Info: uvmap.jpg used on input line 368.
(pdftex.def)             Requested size: 189.70828pt x 125.15477pt.
LaTeX Font Info:    Try loading font information for OT1+pcr on input line 378.


("C:\Program Files (x86)\MiKTeX 2.9\tex\latex\psnfss\ot1pcr.fd"
File: ot1pcr.fd 2001/06/04 font definitions for OT1/pcr.
)
Underfull \hbox (badness 10000) in paragraph at lines 383--390
\OT1/ptm/m/n/9 The Shader class reads, at-taches and links the ver-
 []


Underfull \hbox (badness 10000) in paragraph at lines 383--390
\OT1/ptm/m/n/9 tex and frag-ment shaders. Fur-ther-more, it has the
 []


Underfull \hbox (badness 10000) in paragraph at lines 383--390
\OT1/ptm/m/n/9 ab-stract meth-ods \OT1/pcr/m/n/9 getParamsLocation() \OT1/ptm/m
/n/9 and
 []


Underfull \hbox (badness 6808) in paragraph at lines 383--390
\OT1/pcr/m/n/9 initShaderParams(Hashtable params)\OT1/ptm/m/n/9 . The first
 []

<shaders_impl.png, id=25, 448.67625pt x 839.38594pt>
File: shaders_impl.png Graphic file (type png)
 <use shaders_impl.png>
Package pdftex.def Info: shaders_impl.png used on input line 393.
(pdftex.def)             Requested size: 179.46732pt x 335.74843pt.

[3 <C:/Users/Al Campelo/Documents/UnB/Monografia/paper_format_sbgames-latex/pap
er_format_sbgames-latex-v.2014/class_diagram.jpg> <C:/Users/Al Campelo/Document
s/UnB/Monografia/paper_format_sbgames-latex/paper_format_sbgames-latex-v.2014/s
hader_splash.png> <C:/Users/Al Campelo/Documents/UnB/Monografia/paper_format_sb
games-latex/paper_format_sbgames-latex-v.2014/uvmap.jpg> <C:/Users/Al Campelo/D
ocuments/UnB/Monografia/paper_format_sbgames-latex/paper_format_sbgames-latex-v
.2014/shaders_impl.png>]
<ios_class_diagram.jpg, id=32, 580.41844pt x 634.62094pt>
File: ios_class_diagram.jpg Graphic file (type jpg)

<use ios_class_diagram.jpg>
Package pdftex.def Info: ios_class_diagram.jpg used on input line 416.
(pdftex.def)             Requested size: 237.9731pt x 260.19626pt.

<gouraud_ios.png, id=33, 271.76532pt x 527.72156pt>
File: gouraud_ios.png Graphic file (type png)
 <use gouraud_ios.png>
Package pdftex.def Info: gouraud_ios.png used on input line 429.
(pdftex.def)             Requested size: 67.94116pt x 131.93007pt.

("C:\Program Files (x86)\MiKTeX 2.9\tex\latex\listings\lstlang1.sty"
File: lstlang1.sty 2013/08/26 1.5b listings language file
)
("C:\Program Files (x86)\MiKTeX 2.9\tex\latex\listings\lstmisc.sty"
File: lstmisc.sty 2013/08/26 1.5b (Carsten Heinz)
)
("C:\Users\Al Campelo\Documents\UnB\Monografia\paper_format_sbgames-latex\paper
_format_sbgames-latex-v.2014\linhacomando.txt")
<minquad_diag.jpg, id=34, 796.47563pt x 708.39656pt>
File: minquad_diag.jpg Graphic file (type jpg)
 <use minquad_diag.jpg>
Package pdftex.def Info: minquad_diag.jpg used on input line 497.
(pdftex.def)             Requested size: 223.01166pt x 198.34967pt.

<ios_minquad_render.jpg, id=35, 944.02687pt x 1884.28969pt>
File: ios_minquad_render.jpg Graphic file (type jpg)

<use ios_minquad_render.jpg>
Package pdftex.def Info: ios_minquad_render.jpg used on input line 510.
(pdftex.def)             Requested size: 217.12161pt x 433.37752pt.

<vertex_minquad.png, id=36, 864.22874pt x 1059.96pt>
File: vertex_minquad.png Graphic file (type png)
 <use vertex_minquad.png>
Package pdftex.def Info: vertex_minquad.png used on input line 523.
(pdftex.def)             Requested size: 233.34488pt x 286.19302pt.

<fragment_minquad.png, id=37, 925.20656pt x 1056.94875pt>
File: fragment_minquad.png Graphic file (type png)

<use fragment_minquad.png>
Package pdftex.def Info: fragment_minquad.png used on input line 530.
(pdftex.def)             Requested size: 240.54803pt x 274.80019pt.
 [4 <C:/Users/Al Campelo/Documents/UnB/Monografia/paper_format_sbgames-latex/pa
per_format_sbgames-latex-v.2014/ios_class_diagram.jpg> <C:/Users/Al Campelo/Doc
uments/UnB/Monografia/paper_format_sbgames-latex/paper_format_sbgames-latex-v.2
014/gouraud_ios.png>] [5 <C:/Users/Al Campelo/Documents/UnB/Monografia/paper_fo
rmat_sbgames-latex/paper_format_sbgames-latex-v.2014/minquad_diag.jpg> <C:/User
s/Al Campelo/Documents/UnB/Monografia/paper_format_sbgames-latex/paper_format_s
bgames-latex-v.2014/ios_minquad_render.jpg> <C:/Users/Al Campelo/Documents/UnB/
Monografia/paper_format_sbgames-latex/paper_format_sbgames-latex-v.2014/vertex_
minquad.png> <C:/Users/Al Campelo/Documents/UnB/Monografia/paper_format_sbgames
-latex/paper_format_sbgames-latex-v.2014/fragment_minquad.png>] <vertex_all.png
, id=46, 870.25125pt x 472.76625pt>
File: vertex_all.png Graphic file (type png)

<use vertex_all.png>
Package pdftex.def Info: vertex_all.png used on input line 554.
(pdftex.def)             Requested size: 234.97098pt x 127.64859pt.
 <fragment_all.png, id=47, 895.84688pt x 472.76625pt>
File: fragment_all.png Graphic file (type png)

<use fragment_all.png>
Package pdftex.def Info: fragment_all.png used on input line 565.
(pdftex.def)             Requested size: 197.08691pt x 104.0089pt.
 <render_time_all.png, id=48, 937.25156pt x 480.29437pt>
File: render_time_all.png Graphic file (type png)

<use render_time_all.png>
Package pdftex.def Info: render_time_all.png used on input line 572.
(pdftex.def)             Requested size: 234.31232pt x 120.07329pt.
 <htc_render.png, id=49, 388.45125pt x 348.55219pt>
File: htc_render.png Graphic file (type png)

<use htc_render.png>
Package pdftex.def Info: htc_render.png used on input line 589.
(pdftex.def)             Requested size: 233.07254pt x 209.1329pt.
 <ios_render_time.jpg, id=50, 752.8125pt x 892.08281pt>
File: ios_render_time.jpg Graphic file (type jpg)

<use ios_render_time.jpg>
Package pdftex.def Info: ios_render_time.jpg used on input line 604.
(pdftex.def)             Requested size: 203.26208pt x 240.86557pt.
 [6

 <C:/Users/Al Campelo/Documents/UnB/Monografia/paper_format_sbgames-latex/paper
_format_sbgames-latex-v.2014/vertex_all.png> <C:/Users/Al Campelo/Documents/UnB
/Monografia/paper_format_sbgames-latex/paper_format_sbgames-latex-v.2014/fragme
nt_all.png> <C:/Users/Al Campelo/Documents/UnB/Monografia/paper_format_sbgames-
latex/paper_format_sbgames-latex-v.2014/render_time_all.png> <C:/Users/Al Campe
lo/Documents/UnB/Monografia/paper_format_sbgames-latex/paper_format_sbgames-lat
ex-v.2014/htc_render.png> <C:/Users/Al Campelo/Documents/UnB/Monografia/paper_f
ormat_sbgames-latex/paper_format_sbgames-latex-v.2014/ios_render_time.jpg>]
<vertex_devices_all.png, id=55, 874.01532pt x 477.28313pt>
File: vertex_devices_all.png Graphic file (type png)

<use vertex_devices_all.png>
Package pdftex.def Info: vertex_devices_all.png used on input line 722.
(pdftex.def)             Requested size: 235.98729pt x 128.86816pt.

<fragment_devices_all.png, id=56, 889.82437pt x 473.51906pt>
File: fragment_devices_all.png Graphic file (type png)

<use fragment_devices_all.png>
Package pdftex.def Info: fragment_devices_all.png used on input line 729.
(pdftex.def)             Requested size: 240.25578pt x 127.85184pt.

<render_time_devices.png, id=57, 936.49875pt x 478.78876pt>
File: render_time_devices.png Graphic file (type png)

<use render_time_devices.png>
Package pdftex.def Info: render_time_devices.png used on input line 736.
(pdftex.def)             Requested size: 234.12411pt x 119.69688pt.
 [7 <C:/Users/Al Campelo/Documents/UnB/Monografia/paper_format_sbgames-latex/pa
per_format_sbgames-latex-v.2014/vertex_devices_all.png> <C:/Users/Al Campelo/Do
cuments/UnB/Monografia/paper_format_sbgames-latex/paper_format_sbgames-latex-v.
2014/fragment_devices_all.png>]
LaTeX Font Info:    Font shape `OT1/pcr/bx/n' in size <9> not available
(Font)              Font shape `OT1/pcr/b/n' tried instead on input line 814.

Underfull \hbox (badness 10000) in paragraph at lines 832--832
[]\OT1/phv/b/n/10 Experimental Pro-cess of Es-ti-ma-tion of
 []

<processo.png, id=62, 383.18156pt x 407.27156pt>
File: processo.png Graphic file (type png)
 <use processo.png>
Package pdftex.def Info: processo.png used on input line 843.
(pdftex.def)             Requested size: 191.5903pt x 203.63527pt.

("C:\Users\Al Campelo\Documents\UnB\Monografia\paper_format_sbgames-latex\paper
_format_sbgames-latex-v.2014\vertex_proc.txt"
LaTeX Font Info:    Try loading font information for OML+ptm on input line 2.

("C:\Program Files (x86)\MiKTeX 2.9\tex\latex\psnfss\omlptm.fd"
File: omlptm.fd 
)
LaTeX Font Info:    Font shape `OML/ptm/m/n' in size <9> not available
(Font)              Font shape `OML/cmm/m/it' tried instead on input line 2.
) [8 <C:/Users/Al Campelo/Documents/UnB/Monografia/paper_format_sbgames-latex/p
aper_format_sbgames-latex-v.2014/render_time_devices.png> <C:/Users/Al Campelo/
Documents/UnB/Monografia/paper_format_sbgames-latex/paper_format_sbgames-latex-
v.2014/processo.png>]
("C:\Users\Al Campelo\Documents\UnB\Monografia\paper_format_sbgames-latex\paper
_format_sbgames-latex-v.2014\fragment_proc.txt")
("C:\Users\Al Campelo\Documents\UnB\Monografia\paper_format_sbgames-latex\paper
_format_sbgames-latex-v.2014\red_vs.txt")
("C:\Users\Al Campelo\Documents\UnB\Monografia\paper_format_sbgames-latex\paper
_format_sbgames-latex-v.2014\template.bbl"
Missing character: There is no Ã in font ptmr7t!
Missing character: There is no £ in font ptmr7t!
) [9]
("C:\Users\Al Campelo\Documents\UnB\Monografia\paper_format_sbgames-latex\paper
_format_sbgames-latex-v.2014\template.aux") ) 
Here is how much of TeX's memory you used:
 4183 strings out of 493921
 65128 string characters out of 3144860
 142850 words of memory out of 3000000
 7400 multiletter control sequences out of 15000+200000
 30433 words of font info for 57 fonts, out of 3000000 for 9000
 841 hyphenation exceptions out of 8191
 36i,15n,52p,347b,1158s stack positions out of 5000i,500n,10000p,200000b,50000s
{C:/Program Files (x86)/MiKTeX 2.9
/fonts/enc/dvips/fontname/8r.enc}<C:/Program Files (x86)/MiKTeX 2.9/fonts/type1
/public/amsfonts/cm/cmex10.pfb><C:/Program Files (x86)/MiKTeX 2.9/fonts/type1/p
ublic/amsfonts/cm/cmmi6.pfb><C:/Program Files (x86)/MiKTeX 2.9/fonts/type1/publ
ic/amsfonts/cm/cmmi9.pfb><C:/Program Files (x86)/MiKTeX 2.9/fonts/type1/public/
amsfonts/cm/cmr6.pfb><C:/Program Files (x86)/MiKTeX 2.9/fonts/type1/public/amsf
onts/cm/cmr9.pfb><C:/Program Files (x86)/MiKTeX 2.9/fonts/type1/public/amsfonts
/cm/cmsy6.pfb><C:/Program Files (x86)/MiKTeX 2.9/fonts/type1/public/amsfonts/cm
/cmsy9.pfb><C:/Program Files (x86)/MiKTeX 2.9/fonts/type1/urw/courier/ucrb8a.pf
b><C:/Program Files (x86)/MiKTeX 2.9/fonts/type1/urw/courier/ucrr8a.pfb><C:/Pro
gram Files (x86)/MiKTeX 2.9/fonts/type1/urw/helvetic/uhvb8a.pfb><C:/Program Fil
es (x86)/MiKTeX 2.9/fonts/type1/urw/times/utmb8a.pfb><C:/Program Files (x86)/Mi
KTeX 2.9/fonts/type1/urw/times/utmr8a.pfb><C:/Program Files (x86)/MiKTeX 2.9/fo
nts/type1/urw/times/utmri8a.pfb>
Output written on template.pdf (9 pages, 3094123 bytes).
PDF statistics:
 113 PDF objects out of 1000 (max. 8388607)
 0 named destinations out of 1000 (max. 500000)
 101 words of extra memory for PDF output out of 10000 (max. 10000000)

